1664607863350	geckodriver	INFO	Listening on 127.0.0.1:57212
1664607866365	mozrunner::runner	INFO	Running command: "C:\\Program Files\\Mozilla Firefox\\firefox.exe" "--marionette" "--remote-debugging-port" "57213" "--remote-allow-hosts" "localhost" "-no-remote" "-profile" "C:\\Users\\Pillow\\AppData\\Local\\Temp\\rust_mozprofileJVBdWe"
1664607866648	Marionette	INFO	Marionette enabled
1664607866653	Marionette	INFO	Listening on port 57225
Read port: 57225
WebDriver BiDi listening on ws://127.0.0.1:57213
1664607866757	RemoteAgent	WARN	TLS certificate errors will be ignored for this session
console.warn: SearchSettings: "get: No settings file exists, new profile?" (new NotFoundError("Could not open the file at C:\\Users\\Pillow\\AppData\\Local\\Temp\\rust_mozprofileJVBdWe\\search.json.mozlz4", (void 0)))
DevTools listening on ws://127.0.0.1:57213/devtools/browser/bcd5f911-6d16-4744-bf35-264748b82198
1664607892447	Marionette	INFO	Stopped listening on port 57225
console.warn: TopSitesFeed: Failed to fetch data from Contile server: NetworkError when attempting to fetch resource.
[Parent 6100, IPC I/O Parent] WARNING: file /builds/worker/checkouts/gecko/ipc/chromium/src/base/process_util_win.cc:167
1664607905278	geckodriver	INFO	Listening on 127.0.0.1:57312
1664607908288	mozrunner::runner	INFO	Running command: "C:\\Program Files\\Mozilla Firefox\\firefox.exe" "--marionette" "--remote-debugging-port" "57313" "--remote-allow-hosts" "localhost" "-no-remote" "-profile" "C:\\Users\\Pillow\\AppData\\Local\\Temp\\rust_mozprofilep7yo3V"
1664607908552	Marionette	INFO	Marionette enabled
1664607908556	Marionette	INFO	Listening on port 57324
Read port: 57324
WebDriver BiDi listening on ws://127.0.0.1:57313
1664607908640	RemoteAgent	WARN	TLS certificate errors will be ignored for this session
console.warn: SearchSettings: "get: No settings file exists, new profile?" (new NotFoundError("Could not open the file at C:\\Users\\Pillow\\AppData\\Local\\Temp\\rust_mozprofilep7yo3V\\search.json.mozlz4", (void 0)))
DevTools listening on ws://127.0.0.1:57313/devtools/browser/b25eafdb-1071-446c-ae18-4fef39d2b25e
JavaScript warning: https://codeforces.org/s/35022/js/bfaa.js, line 1: WEBGL_debug_renderer_info is deprecated in Firefox and will be removed. Please use RENDERER.
JavaScript warning: https://codeforces.org/s/35022/js/bfaa.js, line 1: WEBGL_debug_renderer_info is deprecated in Firefox and will be removed. Please use RENDERER.
console.warn: LoginRecipes: "Falling back to a synchronous message for: https://codeforces.com."
console.warn: LoginRecipes: "Falling back to a synchronous message for: https://codeforces.com."
1664607930828	Marionette	INFO	Stopped listening on port 57324
console.warn: TopSitesFeed: Failed to fetch data from Contile server: NetworkError when attempting to fetch resource.
1664607933679	geckodriver	INFO	Listening on 127.0.0.1:57413
1664607936681	mozrunner::runner	INFO	Running command: "C:\\Program Files\\Mozilla Firefox\\firefox.exe" "--marionette" "--remote-debugging-port" "57414" "--remote-allow-hosts" "localhost" "-no-remote" "-profile" "C:\\Users\\Pillow\\AppData\\Local\\Temp\\rust_mozprofileLi53IE"
1664607936933	Marionette	INFO	Marionette enabled
1664607936937	Marionette	INFO	Listening on port 57424
Read port: 57424
WebDriver BiDi listening on ws://127.0.0.1:57414
1664607937038	RemoteAgent	WARN	TLS certificate errors will be ignored for this session
console.warn: SearchSettings: "get: No settings file exists, new profile?" (new NotFoundError("Could not open the file at C:\\Users\\Pillow\\AppData\\Local\\Temp\\rust_mozprofileLi53IE\\search.json.mozlz4", (void 0)))
DevTools listening on ws://127.0.0.1:57414/devtools/browser/45adf1ff-4e42-41d1-97c8-f20d1925a9d2
JavaScript warning: https://codeforces.org/s/35022/js/bfaa.js, line 1: WEBGL_debug_renderer_info is deprecated in Firefox and will be removed. Please use RENDERER.
JavaScript warning: https://codeforces.org/s/35022/js/bfaa.js, line 1: WEBGL_debug_renderer_info is deprecated in Firefox and will be removed. Please use RENDERER.
1664608073682	geckodriver	INFO	Listening on 127.0.0.1:57661
1664608076695	mozrunner::runner	INFO	Running command: "C:\\Program Files\\Mozilla Firefox\\firefox.exe" "--marionette" "--remote-debugging-port" "57662" "--remote-allow-hosts" "localhost" "-no-remote" "-profile" "C:\\Users\\Pillow\\AppData\\Local\\Temp\\rust_mozprofileEzqDVb"
1664608076962	Marionette	INFO	Marionette enabled
1664608076966	Marionette	INFO	Listening on port 57673
Read port: 57673
WebDriver BiDi listening on ws://127.0.0.1:57662
1664608077061	RemoteAgent	WARN	TLS certificate errors will be ignored for this session
1664608113689	geckodriver	INFO	Listening on 127.0.0.1:57694
1664608116705	mozrunner::runner	INFO	Running command: "C:\\Program Files\\Mozilla Firefox\\firefox.exe" "--marionette" "--remote-debugging-port" "57695" "--remote-allow-hosts" "localhost" "-no-remote" "-profile" "C:\\Users\\Pillow\\AppData\\Local\\Temp\\rust_mozprofileV8aPRv"
1664608116963	Marionette	INFO	Marionette enabled
1664608116967	Marionette	INFO	Listening on port 57706
Read port: 57706
WebDriver BiDi listening on ws://127.0.0.1:57695
1664608117056	RemoteAgent	WARN	TLS certificate errors will be ignored for this session
console.warn: SearchSettings: "get: No settings file exists, new profile?" (new NotFoundError("Could not open the file at C:\\Users\\Pillow\\AppData\\Local\\Temp\\rust_mozprofileV8aPRv\\search.json.mozlz4", (void 0)))
DevTools listening on ws://127.0.0.1:57695/devtools/browser/ccfdd4ac-9d81-4018-ab78-71408df076fb
JavaScript warning: https://codeforces.org/s/35022/js/bfaa.js, line 1: WEBGL_debug_renderer_info is deprecated in Firefox and will be removed. Please use RENDERER.
JavaScript warning: https://codeforces.org/s/35022/js/bfaa.js, line 1: WEBGL_debug_renderer_info is deprecated in Firefox and will be removed. Please use RENDERER.
console.warn: LoginRecipes: "Falling back to a synchronous message for: https://codeforces.com."
console.warn: LoginRecipes: "Falling back to a synchronous message for: https://codeforces.com."
JavaScript error: resource://gre/modules/AsyncShutdown.jsm, line 576: NotFoundError: No such JSWindowActor 'DevToolsFrame'
1664608957354	Marionette	INFO	Stopped listening on port 57706
e-debugging-port" "57990" "--remote-allow-hosts" "localhost" "-no-remote" "-profile" "C:\\Users\\Pillow\\AppData\\Local\\Temp\\rust_mozprofile76AMWl"
1664608562036	Marionette	INFO	Marionette enabled
1664608562040	Marionette	INFO	Listening on port 58002
WebDriver BiDi listening on ws://127.0.0.1:57990
Read port: 58002
1664608562259	RemoteAgent	WARN	TLS certificate errors will be ignored for this session
console.warn: SearchSettings: "get: No settings file exists, new profile?" (new NotFoundError("Could not open the file at C:\\Users\\Pillow\\AppData\\Local\\Temp\\rust_mozprofile76AMWl\\search.json.mozlz4", (void 0)))
DevTools listening on ws://127.0.0.1:57990/devtools/browser/d45cafbc-374d-443c-8522-639d194442b1
JavaScript warning: https://codeforces.org/s/35022/js/bfaa.js, line 1: WEBGL_debug_renderer_info is deprecated in Firefox and will be removed. Please use RENDERER.
JavaScript warning: https://codeforces.org/s/35022/js/bfaa.js, line 1: WEBGL_debug_renderer_info is deprecated in Firefox and will be removed. Please use RENDERER.
JavaScript error: , line 0: NotFoundError: No such JSWindowA1664608593769	mozrunne1664608595787	Marionette	INFO	Stopped listening on port 58002
console.warn: TopSitesFeed: Failed to fetch data from Contile server: NetworkError when attempting to fetch resource.
rofile" "C:\\Users\\Pillow\\AppData\\Local\\Temp\\rust_mozprofileQi2OMY"
1664608594023	Marionette	INFO	Marionette enabled
1664608594026	Marionette	INFO	Listening on port 58079
Read port: 58079
WebDriver BiDi listening on ws://127.0.0.1:58069
1664608594127	RemoteAgent	WARN	TLS certificate errors will be ignored for this session
console.warn: SearchSettings: "get: No settings file exists, new profile?" (new NotFoundError("Could not open the file at C:\\Users\\Pillow\\AppData\\Local\\Temp\\rust_mozprofileQi2OMY\\search.json.mozlz4", (void 0)))
DevTools listening on ws://127.0.0.1:58069/devtools/browser/7098646e-22b3-4718-8b36-430ceaf4af1f
JavaScript warning: https://codeforces.org/s/35022/js/bfaa.js, line 1: WEBGL_debug_renderer_info is deprecated in Firefox and will be removed. Please use RENDERER.
JavaScript warning: https://codeforces.org/s/35022/js/bfaa.js, line 1: WEBGL_debug_renderer_info is deprecated in Firefox and will be removed. Please use RENDERER.
JavaScript error: resource://gre/modules/AsyncShutdown.jsm, line 576: NotFoundError: No such JSWindowActor 'DevToolsFrame'
1664608956455	Marionette	INFO	Stopped listening on port 58079
e-debugging-port" "58176" "--remote-allow-hosts" "localhost" "-no-remote" "-profile" "C:\\Users\\Pillow\\AppData\\Local\\Temp\\rust_mozprofilestPjRG"
1664608680321	Marionette	INFO	Marionette enabled
1664608680325	Marionette	INFO	Listening on port 58190
Read port: 58190
WebDriver BiDi listening on ws://127.0.0.1:58176
1664608680412	RemoteAgent	WARN	TLS certificate errors will be ignored for this session
console.warn: SearchSettings: "get: No settings file exists, new profile?" (new NotFoundError("Could not open the file at C:\\Users\\Pillow\\AppData\\Local\\Temp\\rust_mozprofilestPjRG\\search.json.mozlz4", (void 0)))
DevTools listening on ws://127.0.0.1:58176/devtools/browser/ed3c278e-79be-4f6b-838a-2a902c052c3e
JavaScript warning: https://codeforces.org/s/35022/js/bfaa.js, line 1: WEBGL_debug_renderer_info is deprecated in Firefox and will be removed. Please use RENDERER.
JavaScript warning: https://codeforces.org/s/35022/js/bfaa.js, line 1: WEBGL_debug_renderer_info is deprecated in Firefox and will be removed. Please use RENDERER.
1664608955314	Marionette	INFO	Stopped listening on port 58190
console.warn: TopSitesFeed: Failed to fetch data from Contile server: NetworkError when attempting to fetch resource.
remote-debugging-port" "58367" "--remote-allow-hosts" "localhost" "-no-remote" "-profile" "C:\\Users\\Pillow\\AppData\\Local\\Temp\\rust_mozprofile5LqpZK"
1664608825453	Marionette	INFO	Marionette enabled
1664608825457	Marionette	INFO	Listening on port 58377
Read port: 58377
WebDriver BiDi listening on ws://127.0.0.1:58367
1664608825555	RemoteAgent	WARN	TLS certificate errors will be ignored for this session
console.warn: SearchSettings: "get: No settings file exists, new profile?" (new NotFoundError("Could not open the file at C:\\Users\\Pillow\\AppData\\Local\\Temp\\rust_mozprofile5LqpZK\\search.json.mozlz4", (void 0)))
DevTools listening on ws://127.0.0.1:58367/devtools/browser/202288eb-93c9-45f7-ae8a-9198b4cb005c
JavaScript warning: https://codeforces.org/s/35022/js/bfaa.js, line 1: WEBGL_debug_renderer_info is deprecated in Firefox and will be removed. Please use RENDERER.
JavaScript warning: https://codeforces.org/s/35022/js/bfaa.js, line 1: WEBGL_debug_renderer_info is deprecated in Firefox and will be removed. Please use RENDERER.
JavaScript error: resource://gre/modules/AsyncShutdown.jsm, line 576: NotFoundError: No such JSWindowActor 'DevToolsFrame'
1664608953614	Marionette	INFO	Stopped listening on port 58377
e-debugging-port" "58506" "--remote-allow-hosts" "localhost" "-no-remote" "-profile" "C:\\Users\\Pillow\\AppData\\Local\\Temp\\rust_mozprofileab3F7F"
1664608928705	Marionette	INFO	Marionette enabled
1664608928708	Marionette	INFO	Listening on port 58517
Read port: 58517
WebDriver BiDi listening on ws://127.0.0.1:58506
1664608928794	RemoteAgent	WARN	TLS certificate errors will be ignored for this session
console.warn: SearchSettings: "get: No settings file exists, new profile?" (new NotFoundError("Could not open the file at C:\\Users\\Pillow\\AppData\\Local\\Temp\\rust_mozprofileab3F7F\\search.json.mozlz4", (void 0)))
DevTools listening on ws://127.0.0.1:58506/devtools/browser/fad5501f-b9c4-4441-89d0-c36f54630198
JavaScript warning: https://codeforces.org/s/76730/js/bfaa.js, line 4: WEBGL_debug_renderer_info is deprecated in Firefox and will be removed. Please use RENDERER.
JavaScript warning: https://codeforces.org/s/76730/js/bfaa.js, line 4: WEBGL_debug_renderer_info is deprecated in Firefox and will be removed. Please use RENDERER.
console.warn: LoginRecipes: "Falling back to a synchronous message for: https://codeforces.com."
console.warn: LoginRecipes: "Falling back to a synchronous message for: https://codeforces.com."
1664608951806	Marionette	INFO	Stopped listening on port 58517
console.warn: TopSitesFeed: Failed to fetch data from Contile server: NetworkError when attempting to fetch resource.
1664609012373	geckodriver	INFO	Listening on 127.0.0.1:58643
1664609015388	mozrunner::runner	INFO	Running command: "C:\\Program Files\\Mozilla Firefox\\firefox.exe" "--marionette" "--remote-debugging-port" "58644" "--remote-allow-hosts" "localhost" "-no-remote" "-profile" "C:\\Users\\Pillow\\AppData\\Local\\Temp\\rust_mozprofilei6BvLe"
1664609015679	Marionette	INFO	Marionette enabled
1664609015683	Marionette	INFO	Listening on port 58660
Read port: 58660
WebDriver BiDi listening on ws://127.0.0.1:58644
1664609015771	RemoteAgent	WARN	TLS certificate errors will be ignored for this session
console.warn: SearchSettings: "get: No settings file exists, new profile?" (new NotFoundError("Could not open the file at C:\\Users\\Pillow\\AppData\\Local\\Temp\\rust_mozprofilei6BvLe\\search.json.mozlz4", (void 0)))
DevTools listening on ws://127.0.0.1:58644/devtools/browser/b92b815f-939c-4811-8b89-5f42163e0d51
JavaScript warning: https://codeforces.org/s/52740/js/bfaa.js, line 1: WEBGL_debug_renderer_info is deprecated in Firefox and will be removed. Please use RENDERER.
JavaScript warning: https://codeforces.org/s/52740/js/bfaa.js, line 1: WEBGL_debug_renderer_info is deprecated in Firefox and will be removed. Please use RENDERER.
console.warn: LoginRecipes: "Falling back to a synchronous message for: https://codeforces.com."
console.warn: LoginRecipes: "Falling back to a synchronous message for: https://codeforces.com."
1664609079036	Marionette	INFO	Stopped listening on port 58660
console.warn: TopSitesFeed: Failed to fetch data from Contile server: NetworkError when attempting to fetch resource.
remote-debugging-port" "58774" "--remote-allow-hosts" "localhost" "-no-remote" "-profile" "C:\\Users\\Pillow\\AppData\\Local\\Temp\\rust_mozprofilee8xw5f"
1664609078858	Marionette	INFO	Marionette enabled
1664609078861	Marionette	INFO	Listening on port 58784
Read port: 58784
WebDriver BiDi listening on ws://127.0.0.1:58774
1664609078948	RemoteAgent	WARN	TLS certificate errors will be ignored for this session
console.warn: SearchSettings: "get: No settings file exists, new profile?" (new NotFoundError("Could not open the file at C:\\Users\\Pillow\\AppData\\Local\\Temp\\rust_mozprofilee8xw5f\\search.json.mozlz4", (void 0)))
DevTools listening on ws://127.0.0.1:58774/devtools/browser/5fbee10c-27f3-4764-91e0-93736673e7e0
console.warn: LoginRecipes: "Falling back to a synchronous message for: https://codeforces.com."
JavaScript warning: https://codeforces.org/s/52740/js/bfaa.js, line 1: WEBGL_debug_renderer_info is deprecated in Firefox and will be removed. Please use RENDERER.
JavaScript warning: https://codeforces.org/s/52740/js/bfaa.js, line 1: WEBGL_debug_renderer_info is deprecated in Firefox and will be removed. Please use RENDERER.
1664609089491	Marionette	WARN	TimedPromise timed out after 500 ms: stacktrace:
TimedPromise/<@chrome://remote/content/marionette/sync.js:236:24
TimedPromise@chrome://remote/content/marionette/sync.js:221:10
interaction.flushEventLoop@chrome://remote/content/marionette/interaction.js:431:10
webdriverClickElement@chrome://remote/content/marionette/interaction.js:179:31
console.warn: LoginRecipes: "Falling back to a synchronous message for: https://codeforces.com."
1664609318257	geckodriver	INFO	Listening on 127.0.0.1:59084
1664609321268	mozrunner::runner	INFO	Running command: "C:\\Program Files\\Mozilla Firefox\\firefox.exe" "--marionette" "--remote-debugging-port" "59085" "--remote-allow-hosts" "localhost" "-no-remote" "-profile" "C:\\Users\\Pillow\\AppData\\Local\\Temp\\rust_mozprofile7Ztxe4"
1664609321524	Marionette	INFO	Marionette enabled
1664609321528	Marionette	INFO	Listening on port 59095
Read port: 59095
WebDriver BiDi listening on ws://127.0.0.1:59085
1664609321612	RemoteAgent	WARN	TLS certificate errors will be ignored for this session
console.warn: SearchSettings: "get: No settings file exists, new profile?" (new NotFoundError("Could not open the file at C:\\Users\\Pillow\\AppData\\Local\\Temp\\rust_mozprofile7Ztxe4\\search.json.mozlz4", (void 0)))
DevTools listening on ws://127.0.0.1:59085/devtools/browser/ac5cd6d7-e7ae-4f8f-9e00-6363755801fd
JavaScript warning: https://codeforces.org/s/52740/js/bfaa.js, line 1: WEBGL_debug_renderer_info is deprecated in Firefox and will be removed. Please use RENDERER.
JavaScript warning: https://codeforces.org/s/52740/js/bfaa.js, line 1: WEBGL_debug_renderer_info is deprecated in Firefox and will be removed. Please use RENDERER.
console.warn: LoginRecipes: "Falling back to a synchronous message for: https://codeforces.com."
1664609400520	Marionette	INFO	Stopped listening on port 59095
console.warn: TopSitesFeed: Failed to fetch data from Contile server: NetworkError when attempting to fetch resource.
remote-debugging-port" "59204" "--remote-allow-hosts" "localhost" "-no-remote" "-profile" "C:\\Users\\Pillow\\AppData\\Local\\Temp\\rust_mozprofilePgHUzz"
1664609399715	Marionette	INFO	Marionette enabled
1664609399718	Marionette	INFO	Listening on port 59214
Read port: 59214
WebDriver BiDi listening on ws://127.0.0.1:59204
1664609399808	RemoteAgent	WARN	TLS certificate errors will be ignored for this session
console.warn: SearchSettings: "get: No settings file exists, new profile?" (new NotFoundError("Could not open the file at C:\\Users\\Pillow\\AppData\\Local\\Temp\\rust_mozprofilePgHUzz\\search.json.mozlz4", (void 0)))
DevTools listening on ws://127.0.0.1:59204/devtools/browser/6fef28d4-a539-4121-9f2b-23d527ec4c6c
JavaScript warning: https://codeforces.org/s/52740/js/bfaa.js, line 1: WEBGL_debug_renderer_info is deprecated in Firefox and will be removed. Please use RENDERER.
JavaScript warning: https://codeforces.org/s/52740/js/bfaa.js, line 1: WEBGL_debug_renderer_info is deprecated in Firefox and will be removed. Please use RENDERER.
console.warn: LoginRecipes: "Falling back to a synchronous message for: https://codeforces.com."
console.warn: LoginRecipes: "Falling back to a synchronous message for: https://codeforces.com."
JavaScript error: https://www.google.com/sorry/index?continue=https://www.google.com/search%3Fclient%3Dfirefox-b-d%26q%3Dpython%2Btime.sleep&q=EgS5wEZKGI3Z35kGIhCsmITEIAtFE4XI89QOUJ9FMgFy, line 1: SyntaxError: expected expression, got ','
1664609500478	Marionette	INFO	Stopped listening on port 59214
console.warn: TopSitesFeed: Failed to fetch data from Contile server: NetworkError when attempting to fetch resource.
[Parent 31692, IPC I/O Parent] WARNING: file /builds/worker/checkouts/gecko/ipc/chromium/src/base/process_util_win.cc:167
[Parent 31692, IPC I/O Parent] WARNING: file /builds/worker/checkouts/gecko/ipc/chromium/src/base/process_util_win.cc:167
n port 59422
Read port: 59422
WebDriver BiDi listening on ws://127.0.0.1:59411
1664609499139	RemoteAgent	WARN	TLS certificate errors will be ignored for this session
console.warn: SearchSettings: "get: No settings file exists, new profile?" (new NotFoundError("Could not open the file at C:\\Users\\Pillow\\AppData\\Local\\Temp\\rust_mozprofileq5Hhev\\search.json.mozlz4", (void 0)))
DevTools listening on ws://127.0.0.1:59411/devtools/browser/436ef093-28db-4527-95d0-881c71e868ab
JavaScript warning: https://codeforces.org/s/77681/js/bfaa.js, line 1: WEBGL_debug_renderer_info is deprecated in Firefox and will be removed. Please use RENDERER.
JavaScript warning: https://codeforces.org/s/77681/js/bfaa.js, line 1: WEBGL_debug_renderer_info is deprecated in Firefox and will be removed. Please use RENDERER.
console.warn: LoginRecipes: "Falling back to a synchronous message for: https://codeforces.com."
console.warn: LoginRecipes: "Falling back to a synchronous message for: https://codeforces.com."
1664609540376	geckodriver	INFO	Listening on 127.0.0.1:59516
1664609543389	mozrunner::runner	INFO	Running command: "C:\\Program Files\\Mozilla Firefox\\firefox.exe" "--marionette" "--remote-debugging-port" "59517" "--remote-allow-hosts" "localhost" "-no-remote" "-profile" "C:\\Users\\Pillow\\AppData\\Local\\Temp\\rust_mozprofileu782M0"
1664609543664	Marionette	INFO	Marionette enabled
1664609543668	Marionette	INFO	Listening on port 59529
Read port: 59529
WebDriver BiDi listening on ws://127.0.0.1:59517
1664609543755	RemoteAgent	WARN	TLS certificate errors will be ignored for this session
console.warn: SearchSettings: "get: No settings file exists, new profile?" (new NotFoundError("Could not open the file at C:\\Users\\Pillow\\AppData\\Local\\Temp\\rust_mozprofileu782M0\\search.json.mozlz4", (void 0)))
DevTools listening on ws://127.0.0.1:59517/devtools/browser/6beea75c-9280-4297-8b9c-d7ccdd8c7e84
JavaScript warning: https://codeforces.org/s/35022/js/bfaa.js, line 1: WEBGL_debug_renderer_info is deprecated in Firefox and will be removed. Please use RENDERER.
JavaScript warning: https://codeforces.org/s/35022/js/bfaa.js, line 1: WEBGL_debug_renderer_info is deprecated in Firefox and will be removed. Please use RENDERER.
console.warn: LoginRecipes: "Falling back to a synchronous message for: https://codeforces.com."
console.warn: LoginRecipes: "Falling back to a synchronous message for: https://codeforces.com."
1664609581864	geckodriver	INFO	Listening on 127.0.0.1:59618
1664609584874	mozrunner::runner	INFO	Running command: "C:\\Program Files\\Mozilla Firefox\\firefox.exe" "--marionette" "--remote-debugging-port" "59619" "--remote-allow-hosts" "localhost" "-no-remote" "-profile" "C:\\Users\\Pillow\\AppData\\Local\\Temp\\rust_mozprofileodCrh5"
1664609585143	Marionette	INFO	Marionette enabled
1664609585147	Marionette	INFO	Listening on port 59630
Read port: 59630
WebDriver BiDi listening on ws://127.0.0.1:59619
1664609585235	RemoteAgent	WARN	TLS certificate errors will be ignored for this session
console.warn: SearchSettings: "get: No settings file exists, new profile?" (new NotFoundError("Could not open the file at C:\\Users\\Pillow\\AppData\\Local\\Temp\\rust_mozprofileodCrh5\\search.json.mozlz4", (void 0)))
DevTools listening on ws://127.0.0.1:59619/devtools/browser/92470cce-2107-411c-bd05-1653dc5256cc
JavaScript warning: https://codeforces.org/s/35022/js/bfaa.js, line 1: WEBGL_debug_renderer_info is deprecated in Firefox and will be removed. Please use RENDERER.
JavaScript warning: https://codeforces.org/s/35022/js/bfaa.js, line 1: WEBGL_debug_renderer_info is deprecated in Firefox and will be removed. Please use RENDERER.
console.warn: LoginRecipes: "Falling back to a synchronous message for: https://codeforces.com."
console.warn: LoginRecipes: "Falling back to a synchronous message for: https://codeforces.com."
SourceActor threw an exception: [Exception... "Failed to open input source 'resource://gre/modules/ExtensionContent.jsm'"  nsresult: "0x805303f4 (<unknown>)"  location: "JS frame :: resource://devtools/shared/DevToolsUtils.js :: mainThreadFetch/< :: line 699"  data: yes]
Stack: mainThreadFetch/<@resource://devtools/shared/DevToolsUtils.js:699:15
mainThreadFetch@resource://devtools/shared/DevToolsUtils.js:543:10
_fetchURLContents@resource://devtools/server/actors/utils/sources-manager.js:446:22
urlContents@resource://devtools/server/actors/utils/sources-manager.js:410:17
_resurrectSource@resource://devtools/server/actors/thread.js:2150:35
addAllSources@resource://devtools/server/actors/thread.js:1482:14
watch@resource://devtools/server/actors/resources/sources.js:62:17
watchResources@resource://devtools/server/actors/resources/index.js:298:19
_watchTargetResources@resource://devtools/server/actors/targets/target-actor-mixin.js:71:24
addSessionDataEntry@resource://devtools/server/actors/targets/session-data/resources.js:9:23
addSessionDataEntry@resource://devtools/server/actors/targets/target-actor-mixin.js:46:25
_addSessionDataEntry@resource://devtools/server/connectors/js-window-actor/DevToolsFrameChild.jsm:535:24
receiveMessage@resource://devtools/server/connectors/js-window-actor/DevToolsFrameChild.jsm:444:21
Line: 699, column: 0
console.error: ({})
SourceActor threw an exception: [Exception... "Failed to open input source 'moz-extension://708d113c-5e20-4bff-a423-f5f18d59e9d4/injections/js/bug1772949-youtube-webshare-shim.js'"  nsresult: "0x805303f4 (<unknown>)"  location: "JS frame :: resource://devtools/shared/DevToolsUtils.js :: mainThreadFetch/< :: line 699"  data: yes]
Stack: mainThreadFetch/<@resource://devtools/shared/DevToolsUtils.js:699:15
mainThreadFetch@resource://devtools/shared/DevToolsUtils.js:543:10
_fetchURLContents@resource://devtools/server/actors/utils/sources-manager.js:446:22
urlContents@resource://devtools/server/actors/utils/sources-manager.js:410:17
_resurrectSource@resource://devtools/server/actors/thread.js:2150:35
addAllSources@resource://devtools/server/actors/thread.js:1482:14
watch@resource://devtools/server/actors/resources/sources.js:62:17
watchResources@resource://devtools/server/actors/resources/index.js:298:19
_watchTargetResources@resource://devtools/server/actors/targets/target-actor-mixin.js:71:24
addSessionDataEntry@resource://devtools/server/actors/targets/session-data/resources.js:9:23
addSessionDataEntry@resource://devtools/server/actors/targets/target-actor-mixin.js:46:25
_addSessionDataEntry@resource://devtools/server/connectors/js-window-actor/DevToolsFrameChild.jsm:535:24
receiveMessage@resource://devtools/server/connectors/js-window-actor/DevToolsFrameChild.jsm:444:21
Line: 699, column: 0
console.error: ({})
JavaScript error: resource://devtools/shared/DevToolsUtils.js, line 699: Failed to open input source 'resource://gre/modules/ExtensionContent.jsm'
JavaScript error: resource://devtools/shared/DevToolsUtils.js, line 699: Failed to open input source 'moz-extension://708d113c-5e20-4bff-a423-f5f18d59e9d4/injections/js/bug1772949-youtube-webshare-shim.js'
1664609715189	geckodriver	INFO	Listening on 127.0.0.1:59791
1664609726957	geckodriver	INFO	Listening on 127.0.0.1:59807
1664609729975	mozrunner::runner	INFO	Running command: "C:\\Program Files\\Mozilla Firefox\\firefox.exe" "--marionette" "--remote-debugging-port" "59808" "--remote-allow-hosts" "localhost" "-no-remote" "-profile" "C:\\Users\\Pillow\\AppData\\Local\\Temp\\rust_mozprofile4RYSya"
1664609730234	Marionette	INFO	Marionette enabled
1664609730238	Marionette	INFO	Listening on port 59818
Read port: 59818
WebDriver BiDi listening on ws://127.0.0.1:59808
1664609730322	RemoteAgent	WARN	TLS certificate errors will be ignored for this session
console.warn: SearchSettings: "get: No settings file exists, new profile?" (new NotFoundError("Could not open the file at C:\\Users\\Pillow\\AppData\\Local\\Temp\\rust_mozprofile4RYSya\\search.json.mozlz4", (void 0)))
DevTools listening on ws://127.0.0.1:59808/devtools/browser/b7d6fb59-95ab-4fdc-85a1-a95a8e0397ee
console.warn: LoginRecipes: "Falling back to a synchronous message for: https://codeforces.com."
JavaScript warning: https://codeforces.org/s/10130/js/bfaa.js, line 4: WEBGL_debug_renderer_info is deprecated in Firefox and will be removed. Please use RENDERER.
JavaScript warning: https://codeforces.org/s/10130/js/bfaa.js, line 4: WEBGL_debug_renderer_info is deprecated in Firefox and will be removed. Please use RENDERER.
1664609734998	Marionette	WARN	TimedPromise timed out after 500 ms: stacktrace:
TimedPromise/<@chrome://remote/content/marionette/sync.js:236:24
TimedPromise@chrome://remote/content/marionette/sync.js:221:10
interaction.flushEventLoop@chrome://remote/content/marionette/interaction.js:431:10
webdriverClickElement@chrome://remote/content/marionette/interaction.js:179:31
console.warn: LoginRecipes: "Falling back to a synchronous message for: https://codeforces.com."
JavaScript error: https://www.google.com/sorry/index?continue=https://www.google.com/search%3Fclient%3Dfirefox-b-d%26q%3Diterate%2Bover%2Balphabet%2Bin%2Bpython&q=EgS5wEZKGJne35kGIhBmHNf9WDYW09rvTFD18uCrMgFy, line 1: SyntaxError: expected expression, got ','
console.error: "Unable to find target with innerWindowId:4294967306"
console.warn: ({})
JavaScript warning: https://codeforces.com/gym/103938/status/C, line 3618: unreachable code after return statement
JavaScript error: , line 0: NotFoundError: No such JSWindowActor 'DevToolsFrame'
1664610333661	Marionette	INFO	Stopped listening on port 59818
console.warn: TopSitesFeed: Failed to fetch data from Contile server: NetworkError when attempting to fetch resource.
rofile" "C:\\Users\\Pillow\\AppData\\Local\\Temp\\rust_mozprofileCRhF6w"
1664610111280	Marionette	INFO	Marionette enabled
1664610111284	Marionette	INFO	Listening on port 60064
Read port: 60064
WebDriver BiDi listening on ws://127.0.0.1:60054
1664610111379	RemoteAgent	WARN	TLS certificate errors will be ignored for this session
console.warn: SearchSettings: "get: No settings file exists, new profile?" (new NotFoundError("Could not open the file at C:\\Users\\Pillow\\AppData\\Local\\Temp\\rust_mozprofileCRhF6w\\search.json.mozlz4", (void 0)))
DevTools listening on ws://127.0.0.1:60054/devtools/browser/c5969902-892d-49bc-9152-bff06fa7f9b2
JavaScript warning: https://codeforces.org/s/41678/js/bfaa.js, line 4: WEBGL_debug_renderer_info is deprecated in Firefox and will be removed. Please use RENDERER.
JavaScript warning: https://codeforces.org/s/41678/js/bfaa.js, line 4: WEBGL_debug_renderer_info is deprecated in Firefox and will be removed. Please use RENDERER.
console.warn: LoginRecipes: "Falling back to a synchronous message for: https://codeforces.com."
console.warn: LoginRecipes: "Falling back to a synchronous message for: https://codeforces.com."
JavaScript warning: https://codeforces.com/gym/103938/status/C, line 3618: unreachable code after return statement
JavaScript error: resource://gre/modules/AsyncShutdown.jsm, line 576: NotFoundError: No such JSWindowActor 'DevToolsFrame'
1664611254432	Marionette	INFO	Stopped listening on port 60064
e-debugging-port" "60425" "--remote-allow-hosts" "localhost" "-no-remote" "-profile" "C:\\Users\\Pillow\\AppData\\Local\\Temp\\rust_mozprofileZsUDdT"
1664610598181	Marionette	INFO	Marionette enabled
1664610598185	Marionette	INFO	Listening on port 60435
Read port: 60435
WebDriver BiDi listening on ws://127.0.0.1:60425
1664610598284	RemoteAgent	WARN	TLS certificate errors will be ignored for this session
console.warn: SearchSettings: "get: No settings file exists, new profile?" (new NotFoundError("Could not open the file at C:\\Users\\Pillow\\AppData\\Local\\Temp\\rust_mozprofileZsUDdT\\search.json.mozlz4", (void 0)))
DevTools listening on ws://127.0.0.1:60425/devtools/browser/a19c8d24-ded5-4b01-9d55-74532e0b871f
1664610604814	Marionette	INFO	Stopped listening on port 60435
console.warn: TopSitesFeed: Failed to fetch data from Contile server: NetworkError when attempting to fetch resource.
1664610609163	geckodriver	INFO	Listening on 127.0.0.1:60476
1664610612173	mozrunner::runner	INFO	Running command: "C:\\Program Files\\Mozilla Firefox\\firefox.exe" "--marionette" "--remote-debugging-port" "60477" "--remote-allow-hosts" "localhost" "-no-remote" "-profile" "C:\\Users\\Pillow\\AppData\\Local\\Temp\\rust_mozprofileOGHAYl"
1664610612424	Marionette	INFO	Marionette enabled
1664610612428	Marionette	INFO	Listening on port 60487
Read port: 60487
WebDriver BiDi listening on ws://127.0.0.1:60477
1664610612528	RemoteAgent	WARN	TLS certificate errors will be ignored for this session
console.warn: SearchSettings: "get: No settings file exists, new profile?" (new NotFoundError("Could not open the file at C:\\Users\\Pillow\\AppData\\Local\\Temp\\rust_mozprofileOGHAYl\\search.json.mozlz4", (void 0)))
DevTools listening on ws://127.0.0.1:60477/devtools/browser/db28c683-e5eb-49fb-adac-7efeb3c12b3b
JavaScript warning: https://codeforces.org/s/41678/js/bfaa.js, line 4: WEBGL_debug_renderer_info is deprecated in Firefox and will be removed. Please use RENDERER.
JavaScript warning: https://codeforces.org/s/41678/js/bfaa.js, line 4: WEBGL_debug_renderer_info is deprecated in Firefox and will be removed. Please use RENDERER.
console.warn: LoginRecipes: "Falling back to a synchronous message for: https://codeforces.com."
console.warn: LoginRecipes: "Falling back to a synchronous message for: https://codeforces.com."
JavaScript warning: https://codeforces.com/gym/103938/status/C, line 3618: unreachable code after return statement
1664611256942	Marionette	INFO	Stopped listening on port 60487
console.warn: TopSitesFeed: Failed to fetch data from Contile server: NetworkError when attempting to fetch resource.
remote-debugging-port" "60640" "--remote-allow-hosts" "localhost" "-no-remote" "-profile" "C:\\Users\\Pillow\\AppData\\Local\\Temp\\rust_mozprofilecmc1eq"
1664610702674	Marionette	INFO	Marionette enabled
1664610702678	Marionette	INFO	Listening on port 60651
Read port: 60651
WebDriver BiDi listening on ws://127.0.0.1:60640
1664610702766	RemoteAgent	WARN	TLS certificate errors will be ignored for this session
console.warn: SearchSettings: "get: No settings file exists, new profile?" (new NotFoundError("Could not open the file at C:\\Users\\Pillow\\AppData\\Local\\Temp\\rust_mozprofilecmc1eq\\search.json.mozlz4", (void 0)))
DevTools listening on ws://127.0.0.1:60640/devtools/browser/fb7ed709-96fd-4ce6-94e7-0e29493feac6
JavaScript warning: https://codeforces.org/s/41678/js/bfaa.js, line 1: WEBGL_debug_renderer_info is deprecated in Firefox and will be removed. Please use RENDERER.
JavaScript warning: https://codeforces.org/s/41678/js/bfaa.js, line 1: WEBGL_debug_renderer_info is deprecated in Firefox and will be removed. Please use RENDERER.
console.warn: LoginRecipes: "Falling back to a synchronous message for: https://codeforces.com."
console.warn: LoginRecipes: "Falling back to a synchronous message for: https://codeforces.com."
JavaScript warning: https://codeforces.com/gym/103938/status/C, line 3618: unreachable code after return statement
JavaScript error: https://www.google.com/sorry/index?continue=https://www.google.com/search%3Fclient%3Dfirefox-b-d%26q%3DWebElement%2Bin%2Bselenium&q=EgS5wEZYGKTj35kGIhDUIlbVrAdKhWP4eIUaiVrcMgFy, line 1: SyntaxError: expected expression, got ','
1664611258401	Marionette	INFO	Stopped listening on port 60651
console.warn: TopSitesFeed: Failed to fetch data from Contile server: NetworkError when attempting to fetch resource.
[Parent 29976, IPC I/O Parent] WARNING: file /builds/worker/checkouts/gecko/ipc/chromium/src/base/process_util_win.cc:167
l\\Temp\\rust_mozprofileqzjL2e"
1664610997590	Marionette	INFO	Marionette enabled
1664610997594	Marionette	INFO	Listening on port 56687
Read port: 56687
WebDriver BiDi listening on ws://127.0.0.1:56676
1664610997748	RemoteAgent	WARN	TLS certificate errors will be ignored for this session
console.warn: SearchSettings: "get: No settings file exists, new profile?" (new NotFoundError("Could not open the file at C:\\Users\\Pillow\\AppData\\Local\\Temp\\rust_mozprofileqzjL2e\\search.json.mozlz4", (void 0)))
DevTools listening on ws://127.0.0.1:56676/devtools/browser/e5c6cb7f-c329-465e-abe6-a47cd30d0fdc
JavaScript warning: https://codeforces.org/s/41678/js/bfaa.js, line 4: WEBGL_debug_renderer_info is deprecated in Firefox and will be removed. Please use RENDERER.
JavaScript warning: https://codeforces.org/s/41678/js/bfaa.js, line 4: WEBGL_debug_renderer_info is deprecated in Firefox and will be removed. Please use RENDERER.
console.warn: LoginRecipes: "Falling back to a synchronous message for: https://codeforces.com."
console.warn: LoginRecipes: "Falling back to a synchronous message for: https://codeforces.com."
JavaScript warning: https://codeforces.com/gym/103938/status/C, line 3618: unreachable code after return statement
JavaScript error: resource://gre/modules/PromiseWorker.jsm, line 108: Error: Could not get children of file(C:\Users\Pillow\AppData\Local\Temp\rust_mozprofileqzjL2e\thumbnails) because it does not exist
JavaScript error: resource://gre/modules/PromiseWorker.jsm, line 108: Error: Could not get children of file(C:\Users\Pillow\AppData\Local\Temp\rust_mozprofileqzjL2e\thumbnails) because it does not exist
JavaScript error: resource://gre/modules/PromiseWorker.jsm, line 108: Error: Could not get children of file(C:\Users\Pillow\AppData\Local\Temp\rust_mozprofileqzjL2e\thumbnails) because it does not exist
JavaScript error: resource://gre/modules/PromiseWorker.jsm, line 108: Error: Could not get children of file(C:\Users\Pillow\AppData\Local\Temp\rust_mozprofileqzjL2e\thumbnails) because it does not exist
JavaScript error: resource://gre/modules/PromiseWorker.jsm, line 108: Error: Could not get children of file(C:\Users\Pillow\AppData\Local\Temp\rust_mozprofileqzjL2e\thumbnails) because it does not exist
JavaScript error: resource://gre/modules/PromiseWorker.jsm, line 108: Error: Could not get children of file(C:\Users\Pillow\AppData\Local\Temp\rust_mozprofileqzjL2e\thumbnails) because it does not exist
1664634518464	Marionette	INFO	Stopped listening on port 56687
console.warn: TopSitesFeed: Failed to fetch data from Contile server: NetworkError when attempting to fetch resource.
ge for: https://codeforces.com."
JavaScript warning: https://codeforces.com/gym/103938/status/C, line 3618: unreachable code after return statement
JavaScript error: resource://gre/modules/PromiseWorker.jsm, line 108: Error: Could not get children of file(C:\Users\Pillow\AppData\Local\Temp\rust_mozprofile7CMhR5\thumbnails) because it does not exist
JavaScript error: resource://gre/modules/PromiseWorker.jsm, line 108: Error: Could not get children of file(C:\Users\Pillow\AppData\Local\Temp\rust_mozprofile7CMhR5\thumbnails) because it does not exist
JavaScript error: resource://gre/modules/PromiseWorker.jsm, line 108: Error: Could not get children of file(C:\Users\Pillow\AppData\Local\Temp\rust_mozprofile7CMhR5\thumbnails) because it does not exist
JavaScript error: resource://gre/modules/PromiseWorker.jsm, line 108: Error: Could not get children of file(C:\Users\Pillow\AppData\Local\Temp\rust_mozprofile7CMhR5\thumbnails) because it does not exist
JavaScript error: resource://gre/modules/PromiseWorker.jsm, line 108: Error: Could not get children of file(C:\Users\Pillow\AppData\Local\Temp\rust_mozprofile7CMhR5\thumbnails) because it does not exist
1664634514912	Marionette	INFO	Stopped listening on port 56968
console.warn: TopSitesFeed: Failed to fetch data from Contile server: NetworkError when attempting to fetch resource.
nd will be removed. Please use RENDERER.
console.warn: LoginRecipes: "Falling back to a synchronous message for: https://codeforces.com."
console.warn: LoginRecipes: "Falling back to a synchronous message for: https://codeforces.com."
JavaScript warning: https://codeforces.com/gym/103938/status/C, line 3618: unreachable code after return statement
1664611255743	Marionette	INFO	Stopped listening on port 57240
console.warn: TopSitesFeed: Failed to fetch data from Contile server: NetworkError when attempting to fetch resource.
1664611277944	geckodriver	INFO	Listening on 127.0.0.1:57586
1664611280945	mozrunner::runner	INFO	Running command: "C:\\Program Files\\Mozilla Firefox\\firefox.exe" "--marionette" "--remote-debugging-port" "57587" "--remote-allow-hosts" "localhost" "-no-remote" "-profile" "C:\\Users\\Pillow\\AppData\\Local\\Temp\\rust_mozprofileYySlQp"
1664611281194	Marionette	INFO	Marionette enabled
1664611281198	Marionette	INFO	Listening on port 57601
Read port: 57601
WebDriver BiDi listening on ws://127.0.0.1:57587
1664611281295	RemoteAgent	WARN	TLS certificate errors will be ignored for this session
console.warn: SearchSettings: "get: No settings file exists, new profile?" (new NotFoundError("Could not open the file at C:\\Users\\Pillow\\AppData\\Local\\Temp\\rust_mozprofileYySlQp\\search.json.mozlz4", (void 0)))
DevTools listening on ws://127.0.0.1:57587/devtools/browser/b1393ce3-5b1e-4491-a11b-73d6cff82aeb
JavaScript warning: https://codeforces.org/s/41678/js/bfaa.js, line 4: WEBGL_debug_renderer_info is deprecated in Firefox and will be removed. Please use RENDERER.
JavaScript warning: https://codeforces.org/s/41678/js/bfaa.js, line 4: WEBGL_debug_renderer_info is deprecated in Firefox and will be removed. Please use RENDERER.
console.warn: LoginRecipes: "Falling back to a synchronous message for: https://codeforces.com."
console.warn: LoginRecipes: "Falling back to a synchronous message for: https://codeforces.com."
JavaScript warning: https://codeforces.com/gym/103938/status/C, line 3618: unreachable code after return statement
1664611306148	Marionette	INFO	Stopped listening on port 57601
console.warn: TopSitesFeed: Failed to fetch data from Contile server: NetworkError when attempting to fetch resource.
1664611309020	geckodriver	INFO	Listening on 127.0.0.1:57666
1664611312031	mozrunner::runner	INFO	Running command: "C:\\Program Files\\Mozilla Firefox\\firefox.exe" "--marionette" "--remote-debugging-port" "57667" "--remote-allow-hosts" "localhost" "-no-remote" "-profile" "C:\\Users\\Pillow\\AppData\\Local\\Temp\\rust_mozprofileegvVeg"
1664611312287	Marionette	INFO	Marionette enabled
1664611312291	Marionette	INFO	Listening on port 57685
Read port: 57685
WebDriver BiDi listening on ws://127.0.0.1:57667
1664611312377	RemoteAgent	WARN	TLS certificate errors will be ignored for this session
console.warn: SearchSettings: "get: No settings file exists, new profile?" (new NotFoundError("Could not open the file at C:\\Users\\Pillow\\AppData\\Local\\Temp\\rust_mozprofileegvVeg\\search.json.mozlz4", (void 0)))
DevTools listening on ws://127.0.0.1:57667/devtools/browser/91ad1590-84ee-4ec9-a4cc-a41c6d629035
JavaScript warning: https://codeforces.org/s/41678/js/bfaa.js, line 1: WEBGL_debug_renderer_info is deprecated in Firefox and will be removed. Please use RENDERER.
JavaScript warning: https://codeforces.org/s/41678/js/bfaa.js, line 1: WEBGL_debug_renderer_info is deprecated in Firefox and will be removed. Please use RENDERER.
console.warn: LoginRecipes: "Falling back to a synchronous message for: https://codeforces.com."
console.warn: LoginRecipes: "Falling back to a synchronous message for: https://codeforces.com."
JavaScript warning: https://codeforces.com/gym/103938/status/C, line 3618: unreachable code after return statement
JavaScript error: resource://gre/modules/PromiseWorker.jsm, line 108: Error: Could not get children of file(C:\Users\Pillow\AppData\Local\Temp\rust_mozprofileegvVeg\thumbnails) because it does not exist
JavaScript error: resource://gre/modules/PromiseWorker.jsm, line 108: Error: Could not get children of file(C:\Users\Pillow\AppData\Local\Temp\rust_mozprofileegvVeg\thumbnails) because it does not exist
JavaScript error: resource://gre/modules/PromiseWorker.jsm, line 108: Error: Could not get children of file(C:\Users\Pillow\AppData\Local\Temp\rust_mozprofileegvVeg\thumbnails) because it does not exist
JavaScript error: resource://gre/modules/PromiseWorker.jsm, line 108: Error: Could not get children of file(C:\Users\Pillow\AppData\Local\Temp\rust_mozprofileegvVeg\thumbnails) because it does not exist
JavaScript error: resource://gre/modules/PromiseWorker.jsm, line 108: Error: Could not get children of file(C:\Users\Pillow\AppData\Local\Temp\rust_mozprofileegvVeg\thumbnails) because it does not exist
JavaScript error: resource://gre/modules/AsyncShutdown.jsm, line 576: NotFoundError: No such JSWindowActor 'DevToolsFrame'
1664634524890	Marionette	INFO	Stopped listening on port 57685
1664636432269	geckodriver	INFO	Listening on 127.0.0.1:63041
1664636435268	mozrunner::runner	INFO	Running command: "C:\\Program Files\\Mozilla Firefox\\firefox.exe" "--marionette" "--remote-debugging-port" "63042" "--remote-allow-hosts" "localhost" "-no-remote" "-profile" "C:\\Users\\Pillow\\AppData\\Local\\Temp\\rust_mozprofileCBVwJq"
1664636435586	Marionette	INFO	Marionette enabled
1664636435591	Marionette	INFO	Listening on port 63053
WebDriver BiDi listening on ws://127.0.0.1:63042
Read port: 63053
1664636435836	RemoteAgent	WARN	TLS certificate errors will be ignored for this session
console.warn: SearchSettings: "get: No settings file exists, new profile?" (new NotFoundError("Could not open the file at C:\\Users\\Pillow\\AppData\\Local\\Temp\\rust_mozprofileCBVwJq\\search.json.mozlz4", (void 0)))
DevTools listening on ws://127.0.0.1:63042/devtools/browser/14b8e286-914a-4f89-bf75-ed4c5829fc85
JavaScript warning: https://codeforces.org/s/41678/js/bfaa.js, line 1: WEBGL_debug_renderer_info is deprecated in Firefox and will be removed. Please use RENDERER.
JavaScript warning: https://codeforces.org/s/41678/js/bfaa.js, line 1: WEBGL_debug_renderer_info is deprecated in Firefox and will be removed. Please use RENDERER.
console.warn: LoginRecipes: "Falling back to a synchronous message for: https://codeforces.com."
console.warn: LoginRecipes: "Falling back to a synchronous message for: https://codeforces.com."
JavaScript error: , line 0: NetworkError: A network error occurred.
JavaScript error: , line 0: NetworkError: A network error occurred.
JavaScript error: , line 0: NetworkError: A network error occurred.
JavaScript error: , line 0: NetworkError: A network error occurred.
JavaScript error: , line 0: NetworkError: A network error occurred.
JavaScript error: , line 0: NetworkError: A network error occurred.
JavaScript warning: https://codeforces.com/gym/103938/status/C, line 3700: unreachable code after return statement
1664636794217	Marionette	INFO	Stopped listening on port 63053
console.warn: TopSitesFeed: Failed to fetch data from Contile server: NetworkError when attempting to fetch resource.
remote-debugging-port" "63401" "--remote-allow-hosts" "localhost" "-no-remote" "-profile" "C:\\Users\\Pillow\\AppData\\Local\\Temp\\rust_mozprofileZODSvc"
1664636766391	Marionette	INFO	Marionette enabled
1664636766395	Marionette	INFO	Listening on port 63411
Read port: 63411
WebDriver BiDi listening on ws://127.0.0.1:63401
1664636766493	RemoteAgent	WARN	TLS certificate errors will be ignored for this session
console.warn: SearchSettings: "get: No settings file exists, new profile?" (new NotFoundError("Could not open the file at C:\\Users\\Pillow\\AppData\\Local\\Temp\\rust_mozprofileZODSvc\\search.json.mozlz4", (void 0)))
DevTools listening on ws://127.0.0.1:63401/devtools/browser/b91dcbd0-f416-4ced-88cb-9b39d06b50b4
JavaScript warning: https://codeforces.org/s/41678/js/bfaa.js, line 1: WEBGL_debug_renderer_info is deprecated in Firefox and will be removed. Please use RENDERER.
JavaScript warning: https://codeforces.org/s/41678/js/bfaa.js, line 1: WEBGL_debug_renderer_info is deprecated in Firefox and will be removed. Please use RENDERER.
console.warn: LoginRecipes: "Falling back to a synchronous message for: https://codeforces.com."
console.warn: LoginRecipes: "Falling back to a synchronous message for: https://codeforces.com."
JavaScript warning: https://codeforces.com/gym/103938/status/C, line 3732: unreachable code after return statement
1664636796916	Marionette	INFO	Stopped listening on port 63411
console.warn: TopSitesFeed: Failed to fetch data from Contile server: NetworkError when attempting to fetch resource.
remote-debugging-port" "63477" "--remote-allow-hosts" "localhost" "-no-remote" "-profile" "C:\\Users\\Pillow\\AppData\\Local\\Temp\\rust_mozprofileFaJjtX"
1664636797000	Marionette	INFO	Marionette enabled
1664636797005	Marionette	INFO	Listening on port 63489
WebDriver BiDi listening on ws://127.0.0.1:63477
Read port: 63489
1664636797235	RemoteAgent	WARN	TLS certificate errors will be ignored for this session
console.warn: SearchSettings: "get: No settings file exists, new profile?" (new NotFoundError("Could not open the file at C:\\Users\\Pillow\\AppData\\Local\\Temp\\rust_mozprofileFaJjtX\\search.json.mozlz4", (void 0)))
DevTools listening on ws://127.0.0.1:63477/devtools/browser/27acd9fb-47e3-4ce7-8a65-35a937e90630
JavaScript warning: https://codeforces.org/s/41678/js/bfaa.js, line 1: WEBGL_debug_renderer_info is deprecated in Firefox and will be removed. Please use RENDERER.
JavaScript warning: https://codeforces.org/s/41678/js/bfaa.js, line 1: WEBGL_debug_renderer_info is deprecated in Firefox and will be removed. Please use RENDERER.
console.warn: LoginRecipes: "Falling back to a synchronous message for: https://codeforces.com."
console.warn: LoginRecipes: "Falling back to a synchronous message for: https://codeforces.com."
JavaScript warning: https://codeforces.com/gym/103938/status/C, line 3732: unreachable code after return statement
1664637613268	Marionette	INFO	Stopped listening on port 63489
console.warn: TopSitesFeed: Failed to fetch data from Contile server: NetworkError when attempting to fetch resource.
remote-debugging-port" "63627" "--remote-allow-hosts" "localhost" "-no-remote" "-profile" "C:\\Users\\Pillow\\AppData\\Local\\Temp\\rust_mozprofileU7lI1K"
1664636937896	Marionette	INFO	Marionette enabled
1664636937900	Marionette	INFO	Listening on port 63640
Read port: 63640
WebDriver BiDi listening on ws://127.0.0.1:63627
1664636937991	RemoteAgent	WARN	TLS certificate errors will be ignored for this session
console.warn: SearchSettings: "get: No settings file exists, new profile?" (new NotFoundError("Could not open the file at C:\\Users\\Pillow\\AppData\\Local\\Temp\\rust_mozprofileU7lI1K\\search.json.mozlz4", (void 0)))
DevTools listening on ws://127.0.0.1:63627/devtools/browser/68dff652-c5a1-4439-acc1-9ecb0c3453d6
JavaScript warning: https://codeforces.org/s/41678/js/bfaa.js, line 1: WEBGL_debug_renderer_info is deprecated in Firefox and will be removed. Please use RENDERER.
JavaScript warning: https://codeforces.org/s/41678/js/bfaa.js, line 1: WEBGL_debug_renderer_info is deprecated in Firefox and will be removed. Please use RENDERER.
console.warn: LoginRecipes: "Falling back to a synchronous message for: https://codeforces.com."
1664637137146	Marionette	INFO	Stopped listening on port 63640
console.warn: TopSitesFeed: Failed to fetch data from Contile server: NetworkError when attempting to fetch resource.
remote-debugging-port" "63783" "--remote-allow-hosts" "localhost" "-no-remote" "-profile" "C:\\Users\\Pillow\\AppData\\Local\\Temp\\rust_mozprofileUXJ0zS"
1664637061887	Marionette	INFO	Marionette enabled
1664637061891	Marionette	INFO	Listening on port 63794
Read port: 63794
WebDriver BiDi listening on ws://127.0.0.1:63783
1664637061981	RemoteAgent	WARN	TLS certificate errors will be ignored for this session
console.warn: SearchSettings: "get: No settings file exists, new profile?" (new NotFoundError("Could not open the file at C:\\Users\\Pillow\\AppData\\Local\\Temp\\rust_mozprofileUXJ0zS\\search.json.mozlz4", (void 0)))
DevTools listening on ws://127.0.0.1:63783/devtools/browser/abadbedc-5779-413f-aef0-b72eb5f18fd4
JavaScript warning: https://codeforces.org/s/41678/js/bfaa.js, line 1: WEBGL_debug_renderer_info is deprecated in Firefox and will be removed. Please use RENDERER.
JavaScript warning: https://codeforces.org/s/41678/js/bfaa.js, line 1: WEBGL_debug_renderer_info is deprecated in Firefox and will be removed. Please use RENDERER.
console.warn: LoginRecipes: "Falling back to a synchronous message for: https://codeforces.com."
console.warn: LoginRecipes: "Falling back to a synchronous message for: https://codeforces.com."
JavaScript warning: https://codeforces.com/gym/103938/status/C, line 3732: unreachable code after return statement
JavaScript error: , line 0: NotFoundError: No such JSWindowActor 'DevToolsFrame'
1664637611713	Marionette	INFO	Stopped listening on port 63794
console.warn: TopSitesFeed: Failed to fetch data from Contile server: NetworkError when attempting to fetch resource.
rofile" "C:\\Users\\Pillow\\AppData\\Local\\Temp\\rust_mozprofileOokc5Z"
1664637112866	Marionette	INFO	Marionette enabled
1664637112870	Marionette	INFO	Listening on port 63890
Read port: 63890
WebDriver BiDi listening on ws://127.0.0.1:63872
1664637112976	RemoteAgent	WARN	TLS certificate errors will be ignored for this session
console.warn: SearchSettings: "get: No settings file exists, new profile?" (new NotFoundError("Could not open the file at C:\\Users\\Pillow\\AppData\\Local\\Temp\\rust_mozprofileOokc5Z\\search.json.mozlz4", (void 0)))
DevTools listening on ws://127.0.0.1:63872/devtools/browser/4001d478-7282-4715-8a2f-5c490a367f60
JavaScript warning: https://codeforces.org/s/41678/js/bfaa.js, line 1: WEBGL_debug_renderer_info is deprecated in Firefox and will be removed. Please use RENDERER.
JavaScript warning: https://codeforces.org/s/41678/js/bfaa.js, line 1: WEBGL_debug_renderer_info is deprecated in Firefox and will be removed. Please use RENDERER.
console.warn: LoginRecipes: "Falling back to a synchronous message for: https://codeforces.com."
console.warn: LoginRecipes: "Falling back to a synchronous message for: https://codeforces.com."
JavaScript warning: https://codeforces.com/gym/103938/status/C, line 3732: unreachable code after return statement
1664637622678	Marionette	INFO	Stopped listening on port 63890
console.warn: TopSitesFeed: Failed to fetch data from Contile server: NetworkError when attempting to fetch resource.
remote-debugging-port" "64059" "--remote-allow-hosts" "localhost" "-no-remote" "-profile" "C:\\Users\\Pillow\\AppData\\Local\\Temp\\rust_mozprofileAqPyv6"
1664637340162	Marionette	INFO	Marionette enabled
1664637340166	Marionette	INFO	Listening on port 64069
Read port: 64069
WebDriver BiDi listening on ws://127.0.0.1:64059
1664637340251	RemoteAgent	WARN	TLS certificate errors will be ignored for this session
console.warn: SearchSettings: "get: No settings file exists, new profile?" (new NotFoundError("Could not open the file at C:\\Users\\Pillow\\AppData\\Local\\Temp\\rust_mozprofileAqPyv6\\search.json.mozlz4", (void 0)))
DevTools listening on ws://127.0.0.1:64059/devtools/browser/d00d2f14-acca-433a-9764-c8b3317437f2
JavaScript warning: https://codeforces.org/s/41678/js/bfaa.js, line 1: WEBGL_debug_renderer_info is deprecated in Firefox and will be removed. Please use RENDERER.
JavaScript warning: https://codeforces.org/s/41678/js/bfaa.js, line 1: WEBGL_debug_renderer_info is deprecated in Firefox and will be removed. Please use RENDERER.
console.warn: LoginRecipes: "Falling back to a synchronous message for: https://codeforces.com."
console.warn: LoginRecipes: "Falling back to a synchronous message for: https://codeforces.com."
JavaScript warning: https://codeforces.com/gym/103938/status/C, line 3732: unreachable code after return statement
1664637619463	Marionette	INFO	Stopped listening on port 64069
console.warn: TopSitesFeed: Failed to fetch data from Contile server: NetworkError when attempting to fetch resource.
remote-debugging-port" "64178" "--remote-allow-hosts" "localhost" "-no-remote" "-profile" "C:\\Users\\Pillow\\AppData\\Local\\Temp\\rust_mozprofile2SZepo"
1664637424257	Marionette	INFO	Marionette enabled
1664637424261	Marionette	INFO	Listening on port 64190
Read port: 64190
WebDriver BiDi listening on ws://127.0.0.1:64178
1664637424354	RemoteAgent	WARN	TLS certificate errors will be ignored for this session
console.warn: SearchSettings: "get: No settings file exists, new profile?" (new NotFoundError("Could not open the file at C:\\Users\\Pillow\\AppData\\Local\\Temp\\rust_mozprofile2SZepo\\search.json.mozlz4", (void 0)))
DevTools listening on ws://127.0.0.1:64178/devtools/browser/e1ad8cb3-6683-41a3-b660-821208cbf95a
JavaScript warning: https://codeforces.org/s/41678/js/bfaa.js, line 1: WEBGL_debug_renderer_info is deprecated in Firefox and will be removed. Please use RENDERER.
JavaScript warning: https://codeforces.org/s/41678/js/bfaa.js, line 1: WEBGL_debug_renderer_info is deprecated in Firefox and will be removed. Please use RENDERER.
console.warn: LoginRecipes: "Falling back to a synchronous message for: https://codeforces.com."
console.warn: LoginRecipes: "Falling back to a synchronous message for: https://codeforces.com."
JavaScript warning: https://codeforces.com/gym/103938/status/C, line 3732: unreachable code after return statement
1664637614871	Marionette	INFO	Stopped listening on port 64190
console.warn: TopSitesFeed: Failed to fetch data from Contile server: NetworkError when attempting to fetch resource.
remote-debugging-port" "64278" "--remote-allow-hosts" "localhost" "-no-remote" "-profile" "C:\\Users\\Pillow\\AppData\\Local\\Temp\\rust_mozprofileg9ESGO"
1664637460575	Marionette	INFO	Marionette enabled
1664637460579	Marionette	INFO	Listening on port 64301
Read port: 64301
WebDriver BiDi listening on ws://127.0.0.1:64278
1664637460664	RemoteAgent	WARN	TLS certificate errors will be ignored for this session
console.warn: SearchSettings: "get: No settings file exists, new profile?" (new NotFoundError("Could not open the file at C:\\Users\\Pillow\\AppData\\Local\\Temp\\rust_mozprofileg9ESGO\\search.json.mozlz4", (void 0)))
DevTools listening on ws://127.0.0.1:64278/devtools/browser/6793bae3-9185-4b94-9198-69f1e008c4a3
JavaScript warning: https://codeforces.org/s/41678/js/bfaa.js, line 1: WEBGL_debug_renderer_info is deprecated in Firefox and will be removed. Please use RENDERER.
JavaScript warning: https://codeforces.org/s/41678/js/bfaa.js, line 1: WEBGL_debug_renderer_info is deprecated in Firefox and will be removed. Please use RENDERER.
console.warn: LoginRecipes: "Falling back to a synchronous message for: https://codeforces.com."
console.warn: LoginRecipes: "Falling back to a synchronous message for: https://codeforces.com."
JavaScript warning: https://codeforces.com/gym/103938/status/C, line 3732: unreachable code after return statement
1664637617250	Marionette	INFO	Stopped listening on port 64301
console.warn: TopSitesFeed: Failed to fetch data from Contile server: NetworkError when attempting to fetch resource.
1664637822452	geckodriver	INFO	Listening on 127.0.0.1:64591
1664637825465	mozrunner::runner	INFO	Running command: "C:\\Program Files\\Mozilla Firefox\\firefox.exe" "--marionette" "--remote-debugging-port" "64592" "--remote-allow-hosts" "localhost" "-no-remote" "-profile" "C:\\Users\\Pillow\\AppData\\Local\\Temp\\rust_mozprofilehs8ba4"
1664637825727	Marionette	INFO	Marionette enabled
1664637825730	Marionette	INFO	Listening on port 64603
Read port: 64603
WebDriver BiDi listening on ws://127.0.0.1:64592
1664637825812	RemoteAgent	WARN	TLS certificate errors will be ignored for this session
console.warn: SearchSettings: "get: No settings file exists, new profile?" (new NotFoundError("Could not open the file at C:\\Users\\Pillow\\AppData\\Local\\Temp\\rust_mozprofilehs8ba4\\search.json.mozlz4", (void 0)))
DevTools listening on ws://127.0.0.1:64592/devtools/browser/734032cc-7993-4551-8084-95aa135bae1d
console.warn: LoginRecipes: "Falling back to a synchronous message for: https://codeforces.com."
JavaScript warning: https://codeforces.org/s/41678/js/bfaa.js, line 1: WEBGL_debug_renderer_info is deprecated in Firefox and will be removed. Please use RENDERER.
JavaScript warning: https://codeforces.org/s/41678/js/bfaa.js, line 1: WEBGL_debug_renderer_info is deprecated in Firefox and will be removed. Please use RENDERER.
1664637831057	Marionette	WARN	TimedPromise timed out after 500 ms: stacktrace:
TimedPromise/<@chrome://remote/content/marionette/sync.js:236:24
TimedPromise@chrome://remote/content/marionette/sync.js:221:10
interaction.flushEventLoop@chrome://remote/content/marionette/interaction.js:431:10
webdriverClickElement@chrome://remote/content/marionette/interaction.js:179:31
console.warn: LoginRecipes: "Falling back to a synchronous message for: https://codeforces.com."
JavaScript warning: https://codeforces.com/gym/103938/status/C, line 3732: unreachable code after return statement
JavaScript error: resource://gre/modules/AsyncShutdown.jsm, line 576: NotFoundError: No such JSWindowActor 'DevToolsFrame'
JavaScript error: resource://gre/modules/AsyncShutdown.jsm, line 576: NotFoundError: No such JSWindowActor 'DevToolsFrame'
1664639163184	Marionette	INFO	Stopped listening on port 64603
p\\rust_mozprofiledGTtw6"
1664639153687	Marionette	INFO	Marionette enabled
1664639153691	Marionette	INFO	Listening on port 49161
Read port: 49161
WebDriver BiDi listening on ws://127.0.0.1:65533
1664639153779	RemoteAgent	WARN	TLS certificate errors will be ignored for this session
console.warn: SearchSettings: "get: No settings file exists, new profile?" (new NotFoundError("Could not open the file at C:\\Users\\Pillow\\AppData\\Local\\Temp\\rust_mozprofiledGTtw6\\search.json.mozlz4", (void 0)))
DevTools listening on ws://127.0.0.1:65533/devtools/browser/e52bdb67-9f40-4978-88f8-a80f3c2fe62e
JavaScript warning: https://codeforces.org/s/41678/js/bfaa.js, line 1: WEBGL_debug_renderer_info is deprecated in Firefox and will be removed. Please use RENDERER.
JavaScript warning: https://codeforces.org/s/41678/js/bfaa.js, line 1: WEBGL_debug_renderer_info is deprecated in Firefox and will be removed. Please use RENDERER.
console.warn: LoginRecipes: "Falling back to a synchronous message for: https://codeforces.com."
1664639159698	Marionette	WARN	TimedPromise timed out after 500 ms: stacktrace:
TimedPromise/<@chrome://remote/content/marionette/sync.js:236:24
TimedPromise@chrome://remote/content/marionette/sync.js:221:10
interaction.flushEventLoop@chrome://remote/content/marionette/interaction.js:431:10
webdriverClickElement@chrome://remote/content/marionette/interaction.js:179:31
1664648747561	Marionette	INFO	Stopped listening on port 49161
console.warn: TopSitesFeed: Failed to fetch data from Contile server: NetworkError when attempting to fetch resource.
remote-debugging-port" "49216" "--remote-allow-hosts" "localhost" "-no-remote" "-profile" "C:\\Users\\Pillow\\AppData\\Local\\Temp\\rust_mozprofilemLsIwS"
1664639177923	Marionette	INFO	Marionette enabled
1664639177927	Marionette	INFO	Listening on port 49226
WebDriver BiDi listening on ws://127.0.0.1:49216
Read port: 49226
1664639178088	RemoteAgent	WARN	TLS certificate errors will be ignored for this session
console.warn: SearchSettings: "get: No settings file exists, new profile?" (new NotFoundError("Could not open the file at C:\\Users\\Pillow\\AppData\\Local\\Temp\\rust_mozprofilemLsIwS\\search.json.mozlz4", (void 0)))
DevTools listening on ws://127.0.0.1:49216/devtools/browser/ae7f25b0-e591-4772-8326-0d20340c937e
JavaScript warning: https://codeforces.org/s/41678/js/bfaa.js, line 1: WEBGL_debug_renderer_info is deprecated in Firefox and will be removed. Please use RENDERER.
JavaScript warning: https://codeforces.org/s/41678/js/bfaa.js, line 1: WEBGL_debug_renderer_info is deprecated in Firefox and will be removed. Please use RENDERER.
console.warn: LoginRecipes: "Falling back to a synchronous message for: https://codeforces.com."
console.warn: LoginRecipes: "Falling back to a synchronous message for: https://codeforces.com."
JavaScript warning: https://codeforces.com/gym/103938/status/C, line 3732: unreachable code after return statement
JavaScript error: , line 0: NotFoundError: Could not move source file(C:\Users\Pillow\AppData\Local\Temp\rust_mozprofilemLsIwS\bookmarkbackups\bookmarks-2022-10-01.jsonlz4) because it does not exist
JavaScript error: , line 0: NotFoundError: Could not move source file(C:\Users\Pillow\AppData\Local\Temp\rust_mozprofilemLsIwS\bookmarkbackups\bookmarks-2022-10-01.jsonlz4) because it does not exist
1664648737859	Marionette	INFO	Stopped listening on port 49226
console.warn: TopSitesFeed: Failed to fetch data from Contile server: NetworkError when attempting to fetch resource.
 this session
console.warn: SearchSettings: "get: No settings file exists, new profile?" (new NotFoundError("Could not open the file at C:\\Users\\Pillow\\AppData\\Local\\Temp\\rust_mozprofileV8DWQA\\search.json.mozlz4", (void 0)))
DevTools listening on ws://127.0.0.1:49329/devtools/browser/aad7350b-88f4-4b04-8f43-4985b909aeba
JavaScript warning: https://codeforces.org/s/41678/js/bfaa.js, line 1: WEBGL_debug_renderer_info is deprecated in Firefox and will be removed. Please use RENDERER.
JavaScript warning: https://codeforces.org/s/41678/js/bfaa.js, line 1: WEBGL_debug_renderer_info is deprecated in Firefox and will be removed. Please use RENDERER.
console.warn: LoginRecipes: "Falling back to a synchronous message for: https://codeforces.com."
console.warn: LoginRecipes: "Falling back to a synchronous message for: https://codeforces.com."
JavaScript warning: https://codeforces.com/gym/103938/status/C, line 3732: unreachable code after return statement
1664648736237	Marionette	INFO	Stopped listening on port 49339
console.warn: TopSitesFeed: Failed to fetch data from Contile server: NetworkError when attempting to fetch resource.
[Parent 33376, IPC I/O Parent] WARNING: file /builds/worker/checkouts/gecko/ipc/chromium/src/base/process_util_win.cc:167
l\\Temp\\rust_mozprofileCcfhSb"
1664639400757	Marionette	INFO	Marionette enabled
1664639400761	Marionette	INFO	Listening on port 49478
WebDriver BiDi listening on ws://127.0.0.1:49468
Read port: 49478
1664639400923	RemoteAgent	WARN	TLS certificate errors will be ignored for this session
console.warn: SearchSettings: "get: No settings file exists, new profile?" (new NotFoundError("Could not open the file at C:\\Users\\Pillow\\AppData\\Local\\Temp\\rust_mozprofileCcfhSb\\search.json.mozlz4", (void 0)))
DevTools listening on ws://127.0.0.1:49468/devtools/browser/791e0188-62e1-476d-ba99-2dac6059f70e
JavaScript warning: https://codeforces.org/s/41678/js/bfaa.js, line 1: WEBGL_debug_renderer_info is deprecated in Firefox and will be removed. Please use RENDERER.
JavaScript warning: https://codeforces.org/s/41678/js/bfaa.js, line 1: WEBGL_debug_renderer_info is deprecated in Firefox and will be removed. Please use RENDERER.
console.warn: LoginRecipes: "Falling back to a synchronous message for: https://codeforces.com."
console.warn: LoginRecipes: "Falling back to a synchronous message for: https://codeforces.com."
JavaScript warning: https://codeforces.com/gym/103938/status/C, line 3732: unreachable code after return statement
JavaScript error: , line 0: NotFoundError: Could not move source file(C:\Users\Pillow\AppData\Local\Temp\rust_mozprofileCcfhSb\bookmarkbackups\bookmarks-2022-10-01.jsonlz4) because it does not exist
1664648748923	Marionette	INFO	Stopped listening on port 49478
console.warn: TopSitesFeed: Failed to fetch data from Contile server: NetworkError when attempting to fetch resource.
led
1664639538155	Marionette	INFO	Listening on port 49609
Read port: 49609
WebDriver BiDi listening on ws://127.0.0.1:49598
1664639538251	RemoteAgent	WARN	TLS certificate errors will be ignored for this session
console.warn: SearchSettings: "get: No settings file exists, new profile?" (new NotFoundError("Could not open the file at C:\\Users\\Pillow\\AppData\\Local\\Temp\\rust_mozprofile6McyfN\\search.json.mozlz4", (void 0)))
DevTools listening on ws://127.0.0.1:49598/devtools/browser/e599841f-3a92-4aca-8726-79e7bdee7910
JavaScript warning: https://codeforces.org/s/41678/js/bfaa.js, line 1: WEBGL_debug_renderer_info is deprecated in Firefox and will be removed. Please use RENDERER.
JavaScript warning: https://codeforces.org/s/41678/js/bfaa.js, line 1: WEBGL_debug_renderer_info is deprecated in Firefox and will be removed. Please use RENDERER.
console.warn: LoginRecipes: "Falling back to a synchronous message for: https://codeforces.com."
console.warn: LoginRecipes: "Falling back to a synchronous message for: https://codeforces.com."
JavaScript warning: https://codeforces.com/gym/103938/status/C, line 3732: unreachable code after return statement
1664639868768	Marionette	INFO	Stopped listening on port 49609
console.warn: TopSitesFeed: Failed to fetch data from Contile server: NetworkError when attempting to fetch resource.
remote-debugging-port" "49729" "--remote-allow-hosts" "localhost" "-no-remote" "-profile" "C:\\Users\\Pillow\\AppData\\Local\\Temp\\rust_mozprofileluCbKe"
1664639633294	Marionette	INFO	Marionette enabled
1664639633299	Marionette	INFO	Listening on port 49742
Read port: 49742
WebDriver BiDi listening on ws://127.0.0.1:49729
1664639633383	RemoteAgent	WARN	TLS certificate errors will be ignored for this session
console.warn: SearchSettings: "get: No settings file exists, new profile?" (new NotFoundError("Could not open the file at C:\\Users\\Pillow\\AppData\\Local\\Temp\\rust_mozprofileluCbKe\\search.json.mozlz4", (void 0)))
DevTools listening on ws://127.0.0.1:49729/devtools/browser/cf16dd9a-f77d-46fc-bf37-f89124661fb3
JavaScript warning: https://codeforces.org/s/41678/js/bfaa.js, line 1: WEBGL_debug_renderer_info is deprecated in Firefox and will be removed. Please use RENDERER.
JavaScript warning: https://codeforces.org/s/41678/js/bfaa.js, line 1: WEBGL_debug_renderer_info is deprecated in Firefox and will be removed. Please use RENDERER.
console.warn: LoginRecipes: "Falling back to a synchronous message for: https://codeforces.com."
console.warn: LoginRecipes: "Falling back to a synchronous message for: https://codeforces.com."
JavaScript warning: https://codeforces.com/gym/103938/status/C, line 3732: unreachable code after return statement
1664648749858	Marionette	INFO	Stopped listening on port 49742
console.warn: TopSitesFeed: Failed to fetch data from Contile server: NetworkError when attempting to fetch resource.
remote-debugging-port" "49844" "--remote-allow-hosts" "localhost" "-no-remote" "-profile" "C:\\Users\\Pillow\\AppData\\Local\\Temp\\rust_mozprofileDLlb9Z"
1664639711768	Marionette	INFO	Marionette enabled
1664639711772	Marionette	INFO	Listening on port 49855
Read port: 49855
WebDriver BiDi listening on ws://127.0.0.1:49844
1664639711855	RemoteAgent	WARN	TLS certificate errors will be ignored for this session
console.warn: SearchSettings: "get: No settings file exists, new profile?" (new NotFoundError("Could not open the file at C:\\Users\\Pillow\\AppData\\Local\\Temp\\rust_mozprofileDLlb9Z\\search.json.mozlz4", (void 0)))
DevTools listening on ws://127.0.0.1:49844/devtools/browser/a426c36d-d11e-423b-b27b-0ecfc63c70f8
JavaScript warning: https://codeforces.org/s/41678/js/bfaa.js, line 1: WEBGL_debug_renderer_info is deprecated in Firefox and will be removed. Please use RENDERER.
JavaScript warning: https://codeforces.org/s/41678/js/bfaa.js, line 1: WEBGL_debug_renderer_info is deprecated in Firefox and will be removed. Please use RENDERER.
console.warn: LoginRecipes: "Falling back to a synchronous message for: https://codeforces.com."
console.warn: LoginRecipes: "Falling back to a synchronous message for: https://codeforces.com."
JavaScript warning: https://codeforces.com/gym/103938/status/C, line 3732: unreachable code after return statement
JavaScript error: , line 0: NotFoundError: Could not move source file(C:\Users\Pillow\AppData\Local\Temp\rust_mozprofileDLlb9Z\bookmarkbackups\bookmarks-2022-10-01.jsonlz4) because it does not exist
1664648742344	Marionette	INFO	Stopped listening on port 49855
console.warn: TopSitesFeed: Failed to fetch data from Contile server: NetworkError when attempting to fetch resource.
1664709423669	geckodriver	INFO	Listening on 127.0.0.1:53978
1664709426685	mozrunner::runner	INFO	Running command: "C:\\Program Files\\Mozilla Firefox\\firefox.exe" "--marionette" "--remote-debugging-port" "53979" "--remote-allow-hosts" "localhost" "-no-remote" "-profile" "C:\\Users\\Pillow\\AppData\\Local\\Temp\\rust_mozprofileoX9J7R"
1664709427074	Marionette	INFO	Marionette enabled
1664709427081	Marionette	INFO	Listening on port 53989
Read port: 53989
WebDriver BiDi listening on ws://127.0.0.1:53979
1664709427216	RemoteAgent	WARN	TLS certificate errors will be ignored for this session
console.warn: SearchSettings: "get: No settings file exists, new profile?" (new NotFoundError("Could not open the file at C:\\Users\\Pillow\\AppData\\Local\\Temp\\rust_mozprofileoX9J7R\\search.json.mozlz4", (void 0)))
DevTools listening on ws://127.0.0.1:53979/devtools/browser/5c72c7a2-4b55-4890-b1c6-0ac9bd34c861
JavaScript warning: https://codeforces.org/s/83389/js/bfaa.js, line 1: WEBGL_debug_renderer_info is deprecated in Firefox and will be removed. Please use RENDERER.
JavaScript warning: https://codeforces.org/s/83389/js/bfaa.js, line 1: WEBGL_debug_renderer_info is deprecated in Firefox and will be removed. Please use RENDERER.
console.warn: LoginRecipes: "Falling back to a synchronous message for: https://codeforces.com."
1664709479490	Marionette	INFO	Stopped listening on port 53989
console.warn: TopSitesFeed: Failed to fetch data from Contile server: NetworkError when attempting to fetch resource.
1664709489960	geckodriver	INFO	Listening on 127.0.0.1:54067
1664709492973	mozrunner::runner	INFO	Running command: "C:\\Program Files\\Mozilla Firefox\\firefox.exe" "--marionette" "--remote-debugging-port" "54068" "--remote-allow-hosts" "localhost" "-no-remote" "-profile" "C:\\Users\\Pillow\\AppData\\Local\\Temp\\rust_mozprofilehvJCSv"
1664709493335	Marionette	INFO	Marionette enabled
1664709493340	Marionette	INFO	Listening on port 54078
Read port: 54078
WebDriver BiDi listening on ws://127.0.0.1:54068
1664709493496	RemoteAgent	WARN	TLS certificate errors will be ignored for this session
console.warn: SearchSettings: "get: No settings file exists, new profile?" (new NotFoundError("Could not open the file at C:\\Users\\Pillow\\AppData\\Local\\Temp\\rust_mozprofilehvJCSv\\search.json.mozlz4", (void 0)))
DevTools listening on ws://127.0.0.1:54068/devtools/browser/a7ce87fa-937b-41c5-88bb-78e6f8e0be11
console.warn: LoginRecipes: "Falling back to a synchronous message for: https://codeforces.com."
JavaScript warning: https://codeforces.org/s/83389/js/bfaa.js, line 1: WEBGL_debug_renderer_info is deprecated in Firefox and will be removed. Please use RENDERER.
JavaScript warning: https://codeforces.org/s/83389/js/bfaa.js, line 1: WEBGL_debug_renderer_info is deprecated in Firefox and will be removed. Please use RENDERER.
console.warn: LoginRecipes: "Falling back to a synchronous message for: https://codeforces.com."
JavaScript warning: https://codeforces.com/gym/103938/status/C, line 3828: unreachable code after return statement
1664709586603	geckodriver	INFO	Listening on 127.0.0.1:54186
1664709589614	mozrunner::runner	INFO	Running command: "C:\\Program Files\\Mozilla Firefox\\firefox.exe" "--marionette" "--remote-debugging-port" "54187" "--remote-allow-hosts" "localhost" "-no-remote" "-profile" "C:\\Users\\Pillow\\AppData\\Local\\Temp\\rust_mozprofileAGsNkI"
1664709589984	Marionette	INFO	Marionette enabled
1664709589990	Marionette	INFO	Listening on port 54201
Read port: 54201
WebDriver BiDi listening on ws://127.0.0.1:54187
1664709590104	RemoteAgent	WARN	TLS certificate errors will be ignored for this session
console.warn: SearchSettings: "get: No settings file exists, new profile?" (new NotFoundError("Could not open the file at C:\\Users\\Pillow\\AppData\\Local\\Temp\\rust_mozprofileAGsNkI\\search.json.mozlz4", (void 0)))
DevTools listening on ws://127.0.0.1:54187/devtools/browser/49c94f9e-5238-41ef-aca4-42405cb6d1d6
JavaScript warning: https://codeforces.org/s/83389/js/bfaa.js, line 1: WEBGL_debug_renderer_info is deprecated in Firefox and will be removed. Please use RENDERER.
JavaScript warning: https://codeforces.org/s/83389/js/bfaa.js, line 1: WEBGL_debug_renderer_info is deprecated in Firefox and will be removed. Please use RENDERER.
console.warn: LoginRecipes: "Falling back to a synchronous message for: https://codeforces.com."
console.warn: LoginRecipes: "Falling back to a synchronous message for: https://codeforces.com."
JavaScript warning: https://codeforces.com/gym/103938/status/C, line 3828: unreachable code after return statement
1664709657819	Marionette	INFO	Stopped listening on port 54201
console.warn: TopSitesFeed: Failed to fetch data from Contile server: NetworkError when attempting to fetch resource.
remote-debugging-port" "54340" "--remote-allow-hosts" "localhost" "-no-remote" "-profile" "C:\\Users\\Pillow\\AppData\\Local\\Temp\\rust_mozprofiletQJVSZ"
1664709653712	Marionette	INFO	Marionette enabled
1664709653718	Marionette	INFO	Listening on port 54353
Read port: 54353
WebDriver BiDi listening on ws://127.0.0.1:54340
1664709653837	RemoteAgent	WARN	TLS certificate errors will be ignored for this session
console.warn: SearchSettings: "get: No settings file exists, new profile?" (new NotFoundError("Could not open the file at C:\\Users\\Pillow\\AppData\\Local\\Temp\\rust_mozprofiletQJVSZ\\search.json.mozlz4", (void 0)))
DevTools listening on ws://127.0.0.1:54340/devtools/browser/21cd9185-e8d0-4e87-9405-4c3a412cbee0
JavaScript warning: https://codeforces.org/s/83389/js/bfaa.js, line 1: WEBGL_debug_renderer_info is deprecated in Firefox and will be removed. Please use RENDERER.
JavaScript warning: https://codeforces.org/s/83389/js/bfaa.js, line 1: WEBGL_debug_renderer_info is deprecated in Firefox and will be removed. Please use RENDERER.
console.warn: LoginRecipes: "Falling back to a synchronous message for: https://codeforces.com."
console.warn: LoginRecipes: "Falling back to a synchronous message for: https://codeforces.com."
JavaScript warning: https://codeforces.com/gym/103938/status/C, line 3828: unreachable code after return statement
1664709714078	geckodriver	INFO	Listening on 127.0.0.1:54437
1664709717097	mozrunner::runner	INFO	Running command: "C:\\Program Files\\Mozilla Firefox\\firefox.exe" "--marionette" "--remote-debugging-port" "54438" "--remote-allow-hosts" "localhost" "-no-remote" "-profile" "C:\\Users\\Pillow\\AppData\\Local\\Temp\\rust_mozprofilehKN5Az"
1664709717472	Marionette	INFO	Marionette enabled
1664709717478	Marionette	INFO	Listening on port 54448
Read port: 54448
WebDriver BiDi listening on ws://127.0.0.1:54438
1664709717600	RemoteAgent	WARN	TLS certificate errors will be ignored for this session
console.warn: SearchSettings: "get: No settings file exists, new profile?" (new NotFoundError("Could not open the file at C:\\Users\\Pillow\\AppData\\Local\\Temp\\rust_mozprofilehKN5Az\\search.json.mozlz4", (void 0)))
DevTools listening on ws://127.0.0.1:54438/devtools/browser/c9b69ae8-40b1-4049-9607-c46eccd96060
JavaScript warning: https://codeforces.org/s/83389/js/bfaa.js, line 1: WEBGL_debug_renderer_info is deprecated in Firefox and will be removed. Please use RENDERER.
JavaScript warning: https://codeforces.org/s/83389/js/bfaa.js, line 1: WEBGL_debug_renderer_info is deprecated in Firefox and will be removed. Please use RENDERER.
console.warn: LoginRecipes: "Falling back to a synchronous message for: https://codeforces.com."
console.warn: LoginRecipes: "Falling back to a synchronous message for: https://codeforces.com."
JavaScript warning: https://codeforces.com/gym/103938/status/C, line 3828: unreachable code after return statement
1664709898604	Marionette	INFO	Stopped listening on port 54448
console.warn: TopSitesFeed: Failed to fetch data from Contile server: NetworkError when attempting to fetch resource.
1664709916515	geckodriver	INFO	Listening on 127.0.0.1:54647
1664709919535	mozrunner::runner	INFO	Running command: "C:\\Program Files\\Mozilla Firefox\\firefox.exe" "--marionette" "--remote-debugging-port" "54648" "--remote-allow-hosts" "localhost" "-no-remote" "-profile" "C:\\Users\\Pillow\\AppData\\Local\\Temp\\rust_mozprofilek9mz1r"
1664709919902	Marionette	INFO	Marionette enabled
1664709919908	Marionette	INFO	Listening on port 54659
Read port: 54659
WebDriver BiDi listening on ws://127.0.0.1:54648
1664709920024	RemoteAgent	WARN	TLS certificate errors will be ignored for this session
console.warn: SearchSettings: "get: No settings file exists, new profile?" (new NotFoundError("Could not open the file at C:\\Users\\Pillow\\AppData\\Local\\Temp\\rust_mozprofilek9mz1r\\search.json.mozlz4", (void 0)))
DevTools listening on ws://127.0.0.1:54648/devtools/browser/e0263119-7135-40ba-847c-5747d5824515
JavaScript warning: https://codeforces.org/s/83389/js/bfaa.js, line 1: WEBGL_debug_renderer_info is deprecated in Firefox and will be removed. Please use RENDERER.
JavaScript warning: https://codeforces.org/s/83389/js/bfaa.js, line 1: WEBGL_debug_renderer_info is deprecated in Firefox and will be removed. Please use RENDERER.
console.warn: LoginRecipes: "Falling back to a synchronous message for: https://codeforces.com."
console.warn: LoginRecipes: "Falling back to a synchronous message for: https://codeforces.com."
JavaScript warning: https://codeforces.com/gym/103938/status/C, line 3828: unreachable code after return statement
1664710098623	Marionette	INFO	Stopped listening on port 54659
console.warn: TopSitesFeed: Failed to fetch data from Contile server: NetworkError when attempting to fetch resource.
remote-debugging-port" "54782" "--remote-allow-hosts" "localhost" "-no-remote" "-profile" "C:\\Users\\Pillow\\AppData\\Local\\Temp\\rust_mozprofileTBPmI1"
1664710039507	Marionette	INFO	Marionette enabled
1664710039513	Marionette	INFO	Listening on port 54793
Read port: 54793
WebDriver BiDi listening on ws://127.0.0.1:54782
1664710039632	RemoteAgent	WARN	TLS certificate errors will be ignored for this session
console.warn: SearchSettings: "get: No settings file exists, new profile?" (new NotFoundError("Could not open the file at C:\\Users\\Pillow\\AppData\\Local\\Temp\\rust_mozprofileTBPmI1\\search.json.mozlz4", (void 0)))
DevTools listening on ws://127.0.0.1:54782/devtools/browser/80cb33e7-6ed4-49a4-948b-4832e478ca00
JavaScript warning: https://codeforces.org/s/83389/js/bfaa.js, line 1: WEBGL_debug_renderer_info is deprecated in Firefox and will be removed. Please use RENDERER.
JavaScript warning: https://codeforces.org/s/83389/js/bfaa.js, line 1: WEBGL_debug_renderer_info is deprecated in Firefox and will be removed. Please use RENDERER.
console.warn: LoginRecipes: "Falling back to a synchronous message for: https://codeforces.com."
console.warn: LoginRecipes: "Falling back to a synchronous message for: https://codeforces.com."
JavaScript warning: https://codeforces.com/gym/103938/status/C, line 3828: unreachable code after return statement
1664710096683	Marionette	INFO	Stopped listening on port 54791664710097500	mozrunner::runner	INFO	Running command: "C:\\Program Files\\Mozilla Firefox\\firefox.exe" "--marionette" "--remote-debugging-port" "54889" "--remote-allow-hosts" "localhost" "-no-remote" "-profile" "C:\\Users\\Pillow\\AppData\\Local\\Temp\\rust_mozprofilepipWxy"
1664710097880	Marionette	INFO	Marionette enabled
1664710097885	Marionette	INFO	Listening on port 54902
Read port: 54902
WebDriver BiDi listening on ws://127.0.0.1:54889
1664710098027	RemoteAgent	WARN	TLS certificate errors will be ignored for this session
console.warn: SearchSettings: "get: No settings file exists, new profile?" (new NotFoundError("Could not open the file at C:\\Users\\Pillow\\AppData\\Local\\Temp\\rust_mozprofilepipWxy\\search.json.mozlz4", (void 0)))
DevTools listening on ws://127.0.0.1:54889/devtools/browser/9aec6b91-915e-487b-bfc2-ce85cd35e418
JavaScript warning: https://codeforces.org/s/83389/js/bfaa.js, line 1: WEBGL_debug_renderer_info is deprecated in Firefox and will be removed. Please use RENDERER.
JavaScript warning: https://codeforces.org/s/83389/js/bfaa.js, line 1: WEBGL_debug_renderer_info is deprecated in Firefox and will be removed. Please use RENDERER.
console.warn: LoginRecipes: "Falling back to a synchronous message for: https://codeforces.com."
console.warn: LoginRecipes: "Falling back to a synchronous message for: https://codeforces.com."
JavaScript warning: https://codeforces.com/gym/103938/status/C, line 3828: unreachable code after return statement
JavaScript error: resource://gre/modules/AsyncShutdown.jsm, line 576: NotFoundError: No such JSWindowActor 'DevToolsFrame'
1664721110008	Marionette	INFO	Stopped listening on port 54902
e-debugging-port" "55562" "--remote-allow-hosts" "localhost" "-no-remote" "-profile" "C:\\Users\\Pillow\\AppData\\Local\\Temp\\rust_mozprofileHFqUM8"
1664711310585	Marionette	INFO	Marionette enabled
1664711310591	Marionette	INFO	Listening on port 55572
Read port: 55572
WebDriver BiDi listening on ws://127.0.0.1:55562
1664711310712	RemoteAgent	WARN	TLS certificate errors will be ignored for this session
console.warn: SearchSettings: "get: No settings file exists, new profile?" (new NotFoundError("Could not open the file at C:\\Users\\Pillow\\AppData\\Local\\Temp\\rust_mozprofileHFqUM8\\search.json.mozlz4", (void 0)))
DevTools listening on ws://127.0.0.1:55562/devtools/browser/4688ca14-5a99-4f2f-a865-674bcd39c503
JavaScript warning: https://codeforces.org/s/83389/js/bfaa.js, line 1: WEBGL_debug_renderer_info is deprecated in Firefox and will be removed. Please use RENDERER.
JavaScript warning: https://codeforces.org/s/83389/js/bfaa.js, line 1: WEBGL_debug_renderer_info is deprecated in Firefox and will be removed. Please use RENDERER.
console.warn: LoginRecipes: "Falling back to a synchronous message for: https://codeforces.com."
console.warn: LoginRecipes: "Falling back to a synchronous message for: https://codeforces.com."
JavaScript warning: https://codeforces.com/gym/103938/status/C, line 3828: unreachable code after return statement
1664721118267	Marionette	INFO	Stopped listening on port 55572
console.warn: TopSitesFeed: Failed to fetch data from Contile server: NetworkError when attempting to fetch resource.
remote-debugging-port" "55827" "--remote-allow-hosts" "localhost" "-no-remote" "-profile" "C:\\Users\\Pillow\\AppData\\Local\\Temp\\rust_mozprofileQLHJNy"
1664711661389	Marionette	INFO	Marionette enabled
1664711661395	Marionette	INFO	Listening on port 55838
Read port: 55838
WebDriver BiDi listening on ws://127.0.0.1:55827
1664711661514	RemoteAgent	WARN	TLS certificate errors will be ignored for this session
console.warn: SearchSettings: "get: No settings file exists, new profile?" (new NotFoundError("Could not open the file at C:\\Users\\Pillow\\AppData\\Local\\Temp\\rust_mozprofileQLHJNy\\search.json.mozlz4", (void 0)))
DevTools listening on ws://127.0.0.1:55827/devtools/browser/259f14d3-2596-4917-b272-9e61ae44c4f3
JavaScript warning: https://codeforces.org/s/83389/js/bfaa.js, line 1: WEBGL_debug_renderer_info is deprecated in Firefox and will be removed. Please use RENDERER.
JavaScript warning: https://codeforces.org/s/83389/js/bfaa.js, line 1: WEBGL_debug_renderer_info is deprecated in Firefox and will be removed. Please use RENDERER.
console.warn: LoginRecipes: "Falling back to a synchronous message for: https://codeforces.com."
console.warn: LoginRecipes: "Falling back to a synchronous message for: https://codeforces.com."
JavaScript warning: https://codeforces.com/gym/103938/status/C, line 3828: unreachable code after return statement
1664721112156	Marionette	INFO	Stopped listening on port 55838
console.warn: TopSitesFeed: Failed to fetch data from Contile server: NetworkError when attempting to fetch resource.
remote-debugging-port" "55960" "--remote-allow-hosts" "localhost" "-no-remote" "-profile" "C:\\Users\\Pillow\\AppData\\Local\\Temp\\rust_mozprofilefbvyZ9"
1664711735340	Marionette	INFO	Marionette enabled
1664711735345	Marionette	INFO	Listening on port 55970
Read port: 55970
WebDriver BiDi listening on ws://127.0.0.1:55960
1664711735463	RemoteAgent	WARN	TLS certificate errors will be ignored for this session
console.warn: SearchSettings: "get: No settings file exists, new profile?" (new NotFoundError("Could not open the file at C:\\Users\\Pillow\\AppData\\Local\\Temp\\rust_mozprofilefbvyZ9\\search.json.mozlz4", (void 0)))
DevTools listening on ws://127.0.0.1:55960/devtools/browser/82425ff7-8371-497b-a697-661c1555b685
JavaScript warning: https://codeforces.org/s/83389/js/bfaa.js, line 1: WEBGL_debug_renderer_info is deprecated in Firefox and will be removed. Please use RENDERER.
JavaScript warning: https://codeforces.org/s/83389/js/bfaa.js, line 1: WEBGL_debug_renderer_info is deprecated in Firefox and will be removed. Please use RENDERER.
console.warn: LoginRecipes: "Falling back to a synchronous message for: https://codeforces.com."
console.warn: LoginRecipes: "Falling back to a synchronous message for: https://codeforces.com."
JavaScript warning: https://codeforces.com/gym/103938/status/C, line 3828: unreachable code after return statement
1664721116242	Marionette	INFO	Stopped listening on port 55970
console.warn: TopSitesFeed: Failed to fetch data from Contile server: NetworkError when attempting to fetch resource.
1664728547810	geckodriver	INFO	Listening on 127.0.0.1:63385
1664728550827	mozrunner::runner	INFO	Running command: "C:\\Program Files\\Mozilla Firefox\\firefox.exe" "--marionette" "--remote-debugging-port" "63386" "--remote-allow-hosts" "localhost" "-no-remote" "-profile" "C:\\Users\\Pillow\\AppData\\Local\\Temp\\rust_mozprofileu9vy3J"
1664728551189	Marionette	INFO	Marionette enabled
1664728551195	Marionette	INFO	Listening on port 63396
Read port: 63396
WebDriver BiDi listening on ws://127.0.0.1:63386
1664728551315	RemoteAgent	WARN	TLS certificate errors will be ignored for this session
console.warn: SearchSettings: "get: No settings file exists, new profile?" (new NotFoundError("Could not open the file at C:\\Users\\Pillow\\AppData\\Local\\Temp\\rust_mozprofileu9vy3J\\search.json.mozlz4", (void 0)))
DevTools listening on ws://127.0.0.1:63386/devtools/browser/ba97ff44-aa7c-47dc-af15-6d8608f50605
JavaScript warning: https://codeforces.org/s/83389/js/bfaa.js, line 1: WEBGL_debug_renderer_info is deprecated in Firefox and will be removed. Please use RENDERER.
JavaScript warning: https://codeforces.org/s/83389/js/bfaa.js, line 1: WEBGL_debug_renderer_info is deprecated in Firefox and will be removed. Please use RENDERER.
console.warn: LoginRecipes: "Falling back to a synchronous message for: https://codeforces.com."
console.warn: LoginRecipes: "Falling back to a synchronous message for: https://codeforces.com."
1664728573290	Marionette	INFO	Stopped listening on port 63396
console.warn: TopSitesFeed: Failed to fetch data from Contile server: NetworkError when attempting to fetch resource.
1664728577594	geckodriver	INFO	Listening on 127.0.0.1:63457
1664728580611	mozrunner::runner	INFO	Running command: "C:\\Program Files\\Mozilla Firefox\\firefox.exe" "--marionette" "--remote-debugging-port" "63458" "--remote-allow-hosts" "localhost" "-no-remote" "-profile" "C:\\Users\\Pillow\\AppData\\Local\\Temp\\rust_mozprofileBbj357"
1664728580979	Marionette	INFO	Marionette enabled
1664728580984	Marionette	INFO	Listening on port 63468
Read port: 63468
WebDriver BiDi listening on ws://127.0.0.1:63458
1664728581108	RemoteAgent	WARN	TLS certificate errors will be ignored for this session
console.warn: SearchSettings: "get: No settings file exists, new profile?" (new NotFoundError("Could not open the file at C:\\Users\\Pillow\\AppData\\Local\\Temp\\rust_mozprofileBbj357\\search.json.mozlz4", (void 0)))
DevTools listening on ws://127.0.0.1:63458/devtools/browser/27dd8fbd-bf79-4c44-a7a3-4aa481ae2cef
JavaScript warning: https://codeforces.org/s/83389/js/bfaa.js, line 1: WEBGL_debug_renderer_info is deprecated in Firefox and will be removed. Please use RENDERER.
JavaScript warning: https://codeforces.org/s/83389/js/bfaa.js, line 1: WEBGL_debug_renderer_info is deprecated in Firefox and will be removed. Please use RENDERER.
console.warn: LoginRecipes: "Falling back to a synchronous message for: https://codeforces.com."
console.warn: LoginRecipes: "Falling back to a synchronous message for: https://codeforces.com."
JavaScript warning: https://codeforces.com/gym/103938/status/C, line 3860: unreachable code after return statement
1664728775495	Marionette	INFO	Stopped listening on port 63468
console.warn: TopSitesFeed: Failed to fetch data from Contile server: NetworkError when attempting to fetch resource.
remote-debugging-port" "63591" "--remote-allow-hosts" "localhost" "-no-remote" "-profile" "C:\\Users\\Pillow\\AppData\\Local\\Temp\\rust_mozprofileY27nIf"
1664728656744	Marionette	INFO	Marionette enabled
1664728656749	Marionette	INFO	Listening on port 63602
Read port: 63602
WebDriver BiDi listening on ws://127.0.0.1:63591
1664728656871	RemoteAgent	WARN	TLS certificate errors will be ignored for this session
console.warn: SearchSettings: "get: No settings file exists, new profile?" (new NotFoundError("Could not open the file at C:\\Users\\Pillow\\AppData\\Local\\Temp\\rust_mozprofileY27nIf\\search.json.mozlz4", (void 0)))
DevTools listening on ws://127.0.0.1:63591/devtools/browser/efe541bc-ac7f-43a8-b87e-85496cbdddca
JavaScript warning: https://codeforces.org/s/83389/js/bfaa.js, line 1: WEBGL_debug_renderer_info is deprecated in Firefox and will be removed. Please use RENDERER.
JavaScript warning: https://codeforces.org/s/83389/js/bfaa.js, line 1: WEBGL_debug_renderer_info is deprecated in Firefox and will be removed. Please use RENDERER.
console.warn: LoginRecipes: "Falling back to a synchronous message for: https://codeforces.com."
console.warn: LoginRecipes: "Falling back to a synchronous message for: https://codeforces.com."
JavaScript error: , line 0: NetworkError: A network error occurred.
JavaScript error: , line 0: NetworkError: A network error occurred.
JavaScript error: , line 0: NetworkError: A network error occurred.
JavaScript error: , line 0: NetworkError: A network error occurred.
JavaScript error: , line 0: NetworkError: A network error occurred.
JavaScript error: , line 0: NetworkError: A network error occurred.
JavaScript warning: https://codeforces.com/gym/103938/status/C, line 3860: unreachable code after return statement
